Using pre-set license
Built from '2022.3/staging' branch; Version is '2022.3.11f1 (d00248457e15) revision 13632072'; Using compiler version '192829333'; Build Type 'Release'
OS: 'Windows 11  (10.0.22631) 64bit Core' Language: 'cs' Physical Memory: 28416 MB
BatchMode: 1, IsHumanControllingUs: 0, StartBugReporterOnCrash: 0, Is64bit: 1, IsPro: 1

COMMAND LINE ARGUMENTS:
C:\Program Files\Unity\Hub\Editor\2022.3.11f1\Editor\Unity.exe
-adb2
-batchMode
-noUpm
-name
AssetImportWorker1
-projectPath
C:/Users/vasek/OneDrive/Dokumenty/GitHub/Unity3D-FPS/Projekt-35
-logFile
Logs/AssetImportWorker1.log
-srvPort
61979
Successfully changed project path to: C:/Users/vasek/OneDrive/Dokumenty/GitHub/Unity3D-FPS/Projekt-35
C:/Users/vasek/OneDrive/Dokumenty/GitHub/Unity3D-FPS/Projekt-35
[UnityMemory] Configuration Parameters - Can be set up in boot.config
    "memorysetup-bucket-allocator-granularity=16"
    "memorysetup-bucket-allocator-bucket-count=8"
    "memorysetup-bucket-allocator-block-size=33554432"
    "memorysetup-bucket-allocator-block-count=8"
    "memorysetup-main-allocator-block-size=16777216"
    "memorysetup-thread-allocator-block-size=16777216"
    "memorysetup-gfx-main-allocator-block-size=16777216"
    "memorysetup-gfx-thread-allocator-block-size=16777216"
    "memorysetup-cache-allocator-block-size=4194304"
    "memorysetup-typetree-allocator-block-size=2097152"
    "memorysetup-profiler-bucket-allocator-granularity=16"
    "memorysetup-profiler-bucket-allocator-bucket-count=8"
    "memorysetup-profiler-bucket-allocator-block-size=33554432"
    "memorysetup-profiler-bucket-allocator-block-count=8"
    "memorysetup-profiler-allocator-block-size=16777216"
    "memorysetup-profiler-editor-allocator-block-size=1048576"
    "memorysetup-temp-allocator-size-main=16777216"
    "memorysetup-job-temp-allocator-block-size=2097152"
    "memorysetup-job-temp-allocator-block-size-background=1048576"
    "memorysetup-job-temp-allocator-reduction-small-platforms=262144"
    "memorysetup-allocator-temp-initial-block-size-main=262144"
    "memorysetup-allocator-temp-initial-block-size-worker=262144"
    "memorysetup-temp-allocator-size-background-worker=32768"
    "memorysetup-temp-allocator-size-job-worker=262144"
    "memorysetup-temp-allocator-size-preload-manager=33554432"
    "memorysetup-temp-allocator-size-nav-mesh-worker=65536"
    "memorysetup-temp-allocator-size-audio-worker=65536"
    "memorysetup-temp-allocator-size-cloud-worker=32768"
    "memorysetup-temp-allocator-size-gi-baking-worker=262144"
    "memorysetup-temp-allocator-size-gfx=262144"
Player connection [2260] Host "[IP] 10.10.60.158 [Port] 0 [Flags] 2 [Guid] 1442758144 [EditorId] 1442758144 [Version] 1048832 [Id] WindowsEditor(7,Václav_Lubas) [Debug] 1 [PackageName] WindowsEditor [ProjectName] Editor" joined multi-casting on [225.0.0.222:54997]...

Player connection [2260] Host "[IP] 10.10.60.158 [Port] 0 [Flags] 2 [Guid] 1442758144 [EditorId] 1442758144 [Version] 1048832 [Id] WindowsEditor(7,Václav_Lubas) [Debug] 1 [PackageName] WindowsEditor [ProjectName] Editor" joined alternative multi-casting on [225.0.0.222:34997]...

[Physics::Module] Initialized MultithreadedJobDispatcher with 15 workers.
Refreshing native plugins compatible for Editor in 115.00 ms, found 3 plugins.
Preloading 0 native plugins for Editor in 0.00 ms.
Initialize engine version: 2022.3.11f1 (d00248457e15)
[Subsystems] Discovering subsystems at path C:/Program Files/Unity/Hub/Editor/2022.3.11f1/Editor/Data/Resources/UnitySubsystems
[Subsystems] Discovering subsystems at path C:/Users/vasek/OneDrive/Dokumenty/GitHub/Unity3D-FPS/Projekt-35/Assets
GfxDevice: creating device client; threaded=0; jobified=0
Direct3D:
    Version:  Direct3D 11.0 [level 11.1]
    Renderer: NVIDIA GeForce RTX 4050 Laptop GPU (ID=0x28e1)
    Vendor:   NVIDIA
    VRAM:     5921 MB
    Driver:   32.0.15.6094
Initialize mono
Mono path[0] = 'C:/Program Files/Unity/Hub/Editor/2022.3.11f1/Editor/Data/Managed'
Mono path[1] = 'C:/Program Files/Unity/Hub/Editor/2022.3.11f1/Editor/Data/MonoBleedingEdge/lib/mono/unityjit-win32'
Mono config path = 'C:/Program Files/Unity/Hub/Editor/2022.3.11f1/Editor/Data/MonoBleedingEdge/etc'
Using monoOptions --debugger-agent=transport=dt_socket,embedding=1,server=y,suspend=n,address=127.0.0.1:56828
Begin MonoManager ReloadAssembly
Registering precompiled unity dll's ...
Register platform support module: C:/Program Files/Unity/Hub/Editor/2022.3.11f1/Editor/Data/PlaybackEngines/WindowsStandaloneSupport/UnityEditor.WindowsStandalone.Extensions.dll
Registered in 0.004917 seconds.
- Loaded All Assemblies, in  1.634 seconds
Native extension for WindowsStandalone target not found
Mono: successfully reloaded assembly
- Finished resetting the current domain, in  0.266 seconds
Domain Reload Profiling: 1899ms
	BeginReloadAssembly (107ms)
		ExecutionOrderSort (0ms)
		DisableScriptedObjects (0ms)
		BackupInstance (0ms)
		ReleaseScriptingObjects (0ms)
		CreateAndSetChildDomain (1ms)
	RebuildCommonClasses (241ms)
	RebuildNativeTypeToScriptingClass (16ms)
	initialDomainReloadingComplete (55ms)
	LoadAllAssembliesAndSetupDomain (1214ms)
		LoadAssemblies (105ms)
		RebuildTransferFunctionScriptingTraits (0ms)
		AnalyzeDomain (1212ms)
			TypeCache.Refresh (1211ms)
				TypeCache.ScanAssembly (894ms)
			ScanForSourceGeneratedMonoScriptInfo (0ms)
			ResolveRequiredComponents (0ms)
	FinalizeReload (267ms)
		ReleaseScriptCaches (0ms)
		RebuildScriptCaches (0ms)
		SetupLoadedEditorAssemblies (203ms)
			LogAssemblyErrors (0ms)
			InitializePlatformSupportModulesInManaged (9ms)
			SetLoadedEditorAssemblies (7ms)
			RefreshPlugins (0ms)
			BeforeProcessingInitializeOnLoad (2ms)
			ProcessInitializeOnLoadAttributes (124ms)
			ProcessInitializeOnLoadMethodAttributes (62ms)
			AfterProcessingInitializeOnLoad (0ms)
			EditorAssembliesLoaded (0ms)
		ExecutionOrderSort2 (0ms)
		AwakeInstancesAfterBackupRestoration (0ms)
========================================================================
Worker process is ready to serve import requests
Begin MonoManager ReloadAssembly
Symbol file data-0000020F1239ABA0 doesn't match image C:\Users\vasek\OneDrive\Dokumenty\GitHub\Unity3D-FPS\Projekt-35\Library\ScriptAssemblies\Unity.Timeline.dll
Symbol file LoadedFromMemory is not a mono symbol file
Symbol file data-0000020F1239ABA0 doesn't match image C:\Users\vasek\OneDrive\Dokumenty\GitHub\Unity3D-FPS\Projekt-35\Library\ScriptAssemblies\Unity.TestTools.CodeCoverage.Editor.OpenCover.Mono.Reflection.dll
Symbol file LoadedFromMemory is not a mono symbol file
Symbol file data-0000020EF103B820 doesn't match image C:\Users\vasek\OneDrive\Dokumenty\GitHub\Unity3D-FPS\Projekt-35\Library\ScriptAssemblies\UnityEngine.UI.dll
Symbol file LoadedFromMemory is not a mono symbol file
Symbol file data-0000020F123A4190 doesn't match image C:\Users\vasek\OneDrive\Dokumenty\GitHub\Unity3D-FPS\Projekt-35\Library\ScriptAssemblies\Unity.VisualScripting.SettingsProvider.Editor.dll
Symbol file LoadedFromMemory is not a mono symbol file
Symbol file data-0000020EF09D3220 doesn't match image C:\Users\vasek\OneDrive\Dokumenty\GitHub\Unity3D-FPS\Projekt-35\Library\ScriptAssemblies\Unity.Performance.Profile-Analyzer.Editor.dll
Symbol file LoadedFromMemory is not a mono symbol file
Symbol file data-0000020F123A4190 doesn't match image C:\Users\vasek\OneDrive\Dokumenty\GitHub\Unity3D-FPS\Projekt-35\Library\ScriptAssemblies\Unity.TestTools.CodeCoverage.Editor.dll
Symbol file LoadedFromMemory is not a mono symbol file
Symbol file data-0000020F123AAFA0 doesn't match image C:\Users\vasek\OneDrive\Dokumenty\GitHub\Unity3D-FPS\Projekt-35\Library\ScriptAssemblies\Unity.TestTools.CodeCoverage.Editor.OpenCover.Model.dll
Symbol file LoadedFromMemory is not a mono symbol file
Symbol file data-0000020EF0D40010 doesn't match image C:\Users\vasek\OneDrive\Dokumenty\GitHub\Unity3D-FPS\Projekt-35\Library\ScriptAssemblies\Unity.PlasticSCM.Editor.dll
Symbol file LoadedFromMemory is not a mono symbol file
Symbol file data-0000020EF103B820 doesn't match image C:\Users\vasek\OneDrive\Dokumenty\GitHub\Unity3D-FPS\Projekt-35\Library\ScriptAssemblies\Unity.VisualScripting.State.Editor.dll
Symbol file LoadedFromMemory is not a mono symbol file
Symbol file data-0000020EF0D40010 doesn't match image C:\Users\vasek\OneDrive\Dokumenty\GitHub\Unity3D-FPS\Projekt-35\Library\ScriptAssemblies\Unity.Timeline.Editor.dll
Symbol file LoadedFromMemory is not a mono symbol file
Symbol file data-0000020EF032D430 doesn't match image C:\Users\vasek\OneDrive\Dokumenty\GitHub\Unity3D-FPS\Projekt-35\Library\ScriptAssemblies\Unity.VisualScripting.Shared.Editor.dll
Symbol file LoadedFromMemory is not a mono symbol file
Symbol file data-0000020EF032D430 doesn't match image C:\Users\vasek\OneDrive\Dokumenty\GitHub\Unity3D-FPS\Projekt-35\Library\ScriptAssemblies\Unity.CollabProxy.Editor.dll
Symbol file LoadedFromMemory is not a mono symbol file
Symbol file data-0000020EF106B640 doesn't match image C:\Users\vasek\OneDrive\Dokumenty\GitHub\Unity3D-FPS\Projekt-35\Library\ScriptAssemblies\Unity.VisualStudio.Editor.dll
Symbol file LoadedFromMemory is not a mono symbol file
Symbol file data-0000020F12AC6010 doesn't match image C:\Users\vasek\OneDrive\Dokumenty\GitHub\Unity3D-FPS\Projekt-35\Library\ScriptAssemblies\Unity.TextMeshPro.dll
Symbol file LoadedFromMemory is not a mono symbol file
Symbol file data-0000020F12AC6010 doesn't match image C:\Users\vasek\OneDrive\Dokumenty\GitHub\Unity3D-FPS\Projekt-35\Library\ScriptAssemblies\Unity.VisualScripting.Core.dll
Symbol file LoadedFromMemory is not a mono symbol file
Symbol file data-0000020EF0DAE620 doesn't match image C:\Users\vasek\OneDrive\Dokumenty\GitHub\Unity3D-FPS\Projekt-35\Library\ScriptAssemblies\Unity.TextMeshPro.Editor.dll
Symbol file LoadedFromMemory is not a mono symbol file
Symbol file data-0000020EF0DC7630 doesn't match image C:\Users\vasek\OneDrive\Dokumenty\GitHub\Unity3D-FPS\Projekt-35\Library\ScriptAssemblies\UnityEditor.UI.dll
Symbol file LoadedFromMemory is not a mono symbol file
Symbol file data-0000020F127B8020 doesn't match image C:\Users\vasek\OneDrive\Dokumenty\GitHub\Unity3D-FPS\Projekt-35\Library\ScriptAssemblies\Unity.VisualScripting.Core.Editor.dll
Symbol file LoadedFromMemory is not a mono symbol file
Symbol file data-0000020F12D7DA30 doesn't match image C:\Users\vasek\OneDrive\Dokumenty\GitHub\Unity3D-FPS\Projekt-35\Library\ScriptAssemblies\Unity.VisualScripting.State.dll
Symbol file LoadedFromMemory is not a mono symbol file
Symbol file data-0000020F12D8A040 doesn't match image C:\Users\vasek\OneDrive\Dokumenty\GitHub\Unity3D-FPS\Projekt-35\Library\ScriptAssemblies\Unity.VSCode.Editor.dll
Symbol file LoadedFromMemory is not a mono symbol file
Symbol file data-0000020F12820430 doesn't match image C:\Users\vasek\OneDrive\Dokumenty\GitHub\Unity3D-FPS\Projekt-35\Library\ScriptAssemblies\Unity.VisualScripting.Flow.dll
Symbol file LoadedFromMemory is not a mono symbol file
Symbol file data-0000020F12F77020 doesn't match image C:\Users\vasek\OneDrive\Dokumenty\GitHub\Unity3D-FPS\Projekt-35\Library\ScriptAssemblies\Unity.VisualScripting.Flow.Editor.dll
Symbol file LoadedFromMemory is not a mono symbol file
- Loaded All Assemblies, in  2.364 seconds
Refreshing native plugins compatible for Editor in 3.56 ms, found 3 plugins.
Native extension for WindowsStandalone target not found
Package Manager log level set to [2]
[Package Manager] Server::EnsureServerProcessIsRunning -- launch failed, reason: Unity was launched with the -noUpm command-line argument
[Package Manager] UpmClient::Send -- Unable to send message (not connected to UPM process).
[Package Manager] Cannot connect to Unity Package Manager local server
Mono: successfully reloaded assembly
- Finished resetting the current domain, in  0.882 seconds
Domain Reload Profiling: 3246ms
	BeginReloadAssembly (162ms)
		ExecutionOrderSort (0ms)
		DisableScriptedObjects (5ms)
		BackupInstance (0ms)
		ReleaseScriptingObjects (0ms)
		CreateAndSetChildDomain (27ms)
	RebuildCommonClasses (29ms)
	RebuildNativeTypeToScriptingClass (10ms)
	initialDomainReloadingComplete (36ms)
	LoadAllAssembliesAndSetupDomain (2126ms)
		LoadAssemblies (1911ms)
		RebuildTransferFunctionScriptingTraits (0ms)
		AnalyzeDomain (301ms)
			TypeCache.Refresh (266ms)
				TypeCache.ScanAssembly (188ms)
			ScanForSourceGeneratedMonoScriptInfo (25ms)
			ResolveRequiredComponents (7ms)
	FinalizeReload (884ms)
		ReleaseScriptCaches (0ms)
		RebuildScriptCaches (0ms)
		SetupLoadedEditorAssemblies (739ms)
			LogAssemblyErrors (0ms)
			InitializePlatformSupportModulesInManaged (5ms)
			SetLoadedEditorAssemblies (3ms)
			RefreshPlugins (0ms)
			BeforeProcessingInitializeOnLoad (83ms)
			ProcessInitializeOnLoadAttributes (621ms)
			ProcessInitializeOnLoadMethodAttributes (22ms)
			AfterProcessingInitializeOnLoad (4ms)
			EditorAssembliesLoaded (0ms)
		ExecutionOrderSort2 (0ms)
		AwakeInstancesAfterBackupRestoration (6ms)
Launched and connected shader compiler UnityShaderCompiler.exe after 0.13 seconds
Refreshing native plugins compatible for Editor in 2.97 ms, found 3 plugins.
Preloading 0 native plugins for Editor in 0.00 ms.
Unloading 3156 Unused Serialized files (Serialized files now loaded: 0)
Unloading 32 unused Assets / (57.2 KB). Loaded Objects now: 3639.
Memory consumption went from 136.9 MB to 136.8 MB.
Total: 4.304900 ms (FindLiveObjects: 0.248600 ms CreateObjectMapping: 0.094300 ms MarkObjects: 3.840100 ms  DeleteObjects: 0.120900 ms)

AssetImportParameters requested are different than current active one (requested -> active):
  custom:container-demuxer-ogg: 62fdf1f143b41e24485cea50d1cbac27 -> 
  custom:video-codec-MediaFoundation-h265: 746d11721c4dcdbdad8f713fa42b33f4 -> 
  custom:video-decoder-ogg-theora: a1e56fd34408186e4bbccfd4996cb3dc -> 
  custom:framework-win-MediaFoundation: 216162199b28c13a410421893ffa2e32 -> 
  custom:CustomObjectIndexerAttribute: 756ad292c208cfabdd7b50bc23989ffe -> 
  custom:container-demuxer-webm: 4f35f7cbe854078d1ac9338744f61a02 -> 
  custom:container-muxer-webm: aa71ff27fc2769a1b78a27578f13a17b -> 
  custom:video-decoder-webm-vp8: 9c59270c3fd7afecdb556c50c9e8de78 -> 
  custom:SearchIndexIgnoredProperties: e643bd26f0fe6173181afceb89e7c659 -> 
  custom:AudioImporter_EditorPlatform: d09bf68614088b80899f8185d706f6e7 -> 
  custom:video-encoder-webm-vp8: eb34c28f22e8b96e1ab97ce403110664 -> 
  custom:audio-decoder-ogg-vorbis: bf7c407c2cedff20999df2af8eb42d56 -> 
  custom:audio-encoder-webm-vorbis: bf7c407c2cedff20999df2af8eb42d56 -> 
========================================================================
Received Import Request.
  Time since last request: 604229.064667 seconds.
  path: Assets/Scripts/PlayerMovement.cs
  artifactKey: Guid(c2d90f57e1da9ad4d925b6a3138813f0) Importer(815301076,1909f56bfc062723c751e8b465ee728b)
Start importing Assets/Scripts/PlayerMovement.cs using Guid(c2d90f57e1da9ad4d925b6a3138813f0) Importer(815301076,1909f56bfc062723c751e8b465ee728b)  -> (artifact id: '18d82ae7257ba424daedcbc59ba3bfa9') in 0.005904 seconds
Number of updated asset objects reloaded before import = 0
Number of asset objects unloaded after import = 0
========================================================================
Received Import Request.
  Time since last request: 62.513418 seconds.
  path: Assets/Audio/hit-by-a-wood-230542.mp3
  artifactKey: Guid(93d266c36cf68e94d8b26d8f3588905c) Importer(815301076,1909f56bfc062723c751e8b465ee728b)
Start importing Assets/Audio/hit-by-a-wood-230542.mp3 using Guid(93d266c36cf68e94d8b26d8f3588905c) Importer(815301076,1909f56bfc062723c751e8b465ee728b)  -> (artifact id: '80bd115c2d25d5259c15c3fb3ae7d5cd') in 0.148431 seconds
Number of updated asset objects reloaded before import = 0
Number of asset objects unloaded after import = 2
========================================================================
Received Import Request.
  Time since last request: 0.000037 seconds.
  path: Assets/Audio/knife-slice-41231.mp3
  artifactKey: Guid(d071a803171a1dc4c921a29e8336b606) Importer(815301076,1909f56bfc062723c751e8b465ee728b)
Start importing Assets/Audio/knife-slice-41231.mp3 using Guid(d071a803171a1dc4c921a29e8336b606) Importer(815301076,1909f56bfc062723c751e8b465ee728b)  -> (artifact id: '083f49b089caec6375c080f394de9037') in 0.020871 seconds
Number of updated asset objects reloaded before import = 0
Number of asset objects unloaded after import = 2
========================================================================
Received Prepare
Begin MonoManager ReloadAssembly
Symbol file data-0000020F1472B020 doesn't match image C:\Users\vasek\OneDrive\Dokumenty\GitHub\Unity3D-FPS\Projekt-35\Library\ScriptAssemblies\Unity.Timeline.dll
Symbol file LoadedFromMemory is not a mono symbol file
Symbol file data-0000020EF0745880 doesn't match image C:\Users\vasek\OneDrive\Dokumenty\GitHub\Unity3D-FPS\Projekt-35\Library\ScriptAssemblies\Unity.TestTools.CodeCoverage.Editor.OpenCover.Mono.Reflection.dll
Symbol file LoadedFromMemory is not a mono symbol file
Symbol file data-0000020F13C49030 doesn't match image C:\Users\vasek\OneDrive\Dokumenty\GitHub\Unity3D-FPS\Projekt-35\Library\ScriptAssemblies\UnityEngine.UI.dll
Symbol file LoadedFromMemory is not a mono symbol file
Symbol file data-0000020EF10B84C0 doesn't match image C:\Users\vasek\OneDrive\Dokumenty\GitHub\Unity3D-FPS\Projekt-35\Library\ScriptAssemblies\Unity.VisualScripting.SettingsProvider.Editor.dll
Symbol file LoadedFromMemory is not a mono symbol file
Symbol file data-0000020F13C49030 doesn't match image C:\Users\vasek\OneDrive\Dokumenty\GitHub\Unity3D-FPS\Projekt-35\Library\ScriptAssemblies\Unity.Performance.Profile-Analyzer.Editor.dll
Symbol file LoadedFromMemory is not a mono symbol file
Symbol file data-0000020F1D3AF030 doesn't match image C:\Users\vasek\OneDrive\Dokumenty\GitHub\Unity3D-FPS\Projekt-35\Library\ScriptAssemblies\Unity.TestTools.CodeCoverage.Editor.dll
Symbol file LoadedFromMemory is not a mono symbol file
Symbol file data-0000020F13DB3010 doesn't match image C:\Users\vasek\OneDrive\Dokumenty\GitHub\Unity3D-FPS\Projekt-35\Library\ScriptAssemblies\Unity.TestTools.CodeCoverage.Editor.OpenCover.Model.dll
Symbol file LoadedFromMemory is not a mono symbol file
Symbol file data-0000020F12E4B010 doesn't match image C:\Users\vasek\OneDrive\Dokumenty\GitHub\Unity3D-FPS\Projekt-35\Library\ScriptAssemblies\Unity.PlasticSCM.Editor.dll
Symbol file LoadedFromMemory is not a mono symbol file
Symbol file data-0000020F12CA9E50 doesn't match image C:\Users\vasek\OneDrive\Dokumenty\GitHub\Unity3D-FPS\Projekt-35\Library\ScriptAssemblies\Unity.VisualScripting.State.Editor.dll
Symbol file LoadedFromMemory is not a mono symbol file
Symbol file data-0000020EF1014010 doesn't match image C:\Users\vasek\OneDrive\Dokumenty\GitHub\Unity3D-FPS\Projekt-35\Library\ScriptAssemblies\Unity.Timeline.Editor.dll
Symbol file LoadedFromMemory is not a mono symbol file
Symbol file data-0000020F12CB2510 doesn't match image C:\Users\vasek\OneDrive\Dokumenty\GitHub\Unity3D-FPS\Projekt-35\Library\ScriptAssemblies\Unity.VisualScripting.Shared.Editor.dll
Symbol file LoadedFromMemory is not a mono symbol file
Symbol file data-0000020F12CB2510 doesn't match image C:\Users\vasek\OneDrive\Dokumenty\GitHub\Unity3D-FPS\Projekt-35\Library\ScriptAssemblies\Unity.CollabProxy.Editor.dll
Symbol file LoadedFromMemory is not a mono symbol file
Symbol file data-0000020EF10C6CF0 doesn't match image C:\Users\vasek\OneDrive\Dokumenty\GitHub\Unity3D-FPS\Projekt-35\Library\ScriptAssemblies\Unity.VisualStudio.Editor.dll
Symbol file LoadedFromMemory is not a mono symbol file
Symbol file data-0000020F1B940080 doesn't match image C:\Users\vasek\OneDrive\Dokumenty\GitHub\Unity3D-FPS\Projekt-35\Library\ScriptAssemblies\Unity.TextMeshPro.dll
Symbol file LoadedFromMemory is not a mono symbol file
Symbol file data-0000020F146C7020 doesn't match image C:\Users\vasek\OneDrive\Dokumenty\GitHub\Unity3D-FPS\Projekt-35\Library\ScriptAssemblies\Unity.VisualScripting.Core.dll
Symbol file LoadedFromMemory is not a mono symbol file
Symbol file data-0000020EF07D3010 doesn't match image C:\Users\vasek\OneDrive\Dokumenty\GitHub\Unity3D-FPS\Projekt-35\Library\ScriptAssemblies\Unity.TextMeshPro.Editor.dll
Symbol file LoadedFromMemory is not a mono symbol file
Symbol file data-0000020F1E679080 doesn't match image C:\Users\vasek\OneDrive\Dokumenty\GitHub\Unity3D-FPS\Projekt-35\Library\ScriptAssemblies\UnityEditor.UI.dll
Symbol file LoadedFromMemory is not a mono symbol file
Symbol file data-0000020EF0372CF0 doesn't match image C:\Users\vasek\OneDrive\Dokumenty\GitHub\Unity3D-FPS\Projekt-35\Library\ScriptAssemblies\Unity.VisualScripting.Core.Editor.dll
Symbol file LoadedFromMemory is not a mono symbol file
Symbol file data-0000020F12CB2510 doesn't match image C:\Users\vasek\OneDrive\Dokumenty\GitHub\Unity3D-FPS\Projekt-35\Library\ScriptAssemblies\Unity.VisualScripting.State.dll
Symbol file LoadedFromMemory is not a mono symbol file
Symbol file data-0000020EF10D3300 doesn't match image C:\Users\vasek\OneDrive\Dokumenty\GitHub\Unity3D-FPS\Projekt-35\Library\ScriptAssemblies\Unity.VSCode.Editor.dll
Symbol file LoadedFromMemory is not a mono symbol file
Symbol file data-0000020F1C331030 doesn't match image C:\Users\vasek\OneDrive\Dokumenty\GitHub\Unity3D-FPS\Projekt-35\Library\ScriptAssemblies\Unity.VisualScripting.Flow.dll
Symbol file LoadedFromMemory is not a mono symbol file
Symbol file data-0000020EF0BB0620 doesn't match image C:\Users\vasek\OneDrive\Dokumenty\GitHub\Unity3D-FPS\Projekt-35\Library\ScriptAssemblies\Unity.VisualScripting.Flow.Editor.dll
Symbol file LoadedFromMemory is not a mono symbol file
- Loaded All Assemblies, in  0.467 seconds
Refreshing native plugins compatible for Editor in 3.07 ms, found 3 plugins.
Native extension for WindowsStandalone target not found
[Package Manager] Server::EnsureServerProcessIsRunning -- launch failed, reason: Unity was launched with the -noUpm command-line argument
[Package Manager] UpmClient::Send -- Unable to send message (not connected to UPM process).
[Package Manager] Cannot connect to Unity Package Manager local server
Mono: successfully reloaded assembly
- Finished resetting the current domain, in  1.519 seconds
Domain Reload Profiling: 1984ms
	BeginReloadAssembly (172ms)
		ExecutionOrderSort (0ms)
		DisableScriptedObjects (6ms)
		BackupInstance (0ms)
		ReleaseScriptingObjects (0ms)
		CreateAndSetChildDomain (49ms)
	RebuildCommonClasses (29ms)
	RebuildNativeTypeToScriptingClass (13ms)
	initialDomainReloadingComplete (28ms)
	LoadAllAssembliesAndSetupDomain (222ms)
		LoadAssemblies (301ms)
		RebuildTransferFunctionScriptingTraits (0ms)
		AnalyzeDomain (10ms)
			TypeCache.Refresh (4ms)
				TypeCache.ScanAssembly (0ms)
			ScanForSourceGeneratedMonoScriptInfo (0ms)
			ResolveRequiredComponents (4ms)
	FinalizeReload (1519ms)
		ReleaseScriptCaches (0ms)
		RebuildScriptCaches (0ms)
		SetupLoadedEditorAssemblies (993ms)
			LogAssemblyErrors (0ms)
			InitializePlatformSupportModulesInManaged (7ms)
			SetLoadedEditorAssemblies (5ms)
			RefreshPlugins (0ms)
			BeforeProcessingInitializeOnLoad (123ms)
			ProcessInitializeOnLoadAttributes (817ms)
			ProcessInitializeOnLoadMethodAttributes (34ms)
			AfterProcessingInitializeOnLoad (7ms)
			EditorAssembliesLoaded (0ms)
		ExecutionOrderSort2 (0ms)
		AwakeInstancesAfterBackupRestoration (10ms)
Refreshing native plugins compatible for Editor in 4.46 ms, found 3 plugins.
Preloading 0 native plugins for Editor in 0.00 ms.
Unloading 3135 Unused Serialized files (Serialized files now loaded: 0)
Unloading 23 unused Assets / (31.0 KB). Loaded Objects now: 3652.
Memory consumption went from 139.1 MB to 139.1 MB.
Total: 4.309900 ms (FindLiveObjects: 0.383900 ms CreateObjectMapping: 0.145000 ms MarkObjects: 3.576000 ms  DeleteObjects: 0.204000 ms)

Prepare: number of updated asset objects reloaded= 0
AssetImportParameters requested are different than current active one (requested -> active):
  custom:container-demuxer-ogg: 62fdf1f143b41e24485cea50d1cbac27 -> 
  custom:video-codec-MediaFoundation-h265: 746d11721c4dcdbdad8f713fa42b33f4 -> 
  custom:video-decoder-ogg-theora: a1e56fd34408186e4bbccfd4996cb3dc -> 
  custom:framework-win-MediaFoundation: 216162199b28c13a410421893ffa2e32 -> 
  custom:CustomObjectIndexerAttribute: 756ad292c208cfabdd7b50bc23989ffe -> 
  custom:container-demuxer-webm: 4f35f7cbe854078d1ac9338744f61a02 -> 
  custom:container-muxer-webm: aa71ff27fc2769a1b78a27578f13a17b -> 
  custom:video-decoder-webm-vp8: 9c59270c3fd7afecdb556c50c9e8de78 -> 
  custom:SearchIndexIgnoredProperties: e643bd26f0fe6173181afceb89e7c659 -> 
  custom:AudioImporter_EditorPlatform: d09bf68614088b80899f8185d706f6e7 -> 
  custom:video-encoder-webm-vp8: eb34c28f22e8b96e1ab97ce403110664 -> 
  custom:audio-decoder-ogg-vorbis: bf7c407c2cedff20999df2af8eb42d56 -> 
  custom:audio-encoder-webm-vorbis: bf7c407c2cedff20999df2af8eb42d56 -> 
========================================================================
Received Prepare
Begin MonoManager ReloadAssembly
Symbol file data-0000020F1C47E030 doesn't match image C:\Users\vasek\OneDrive\Dokumenty\GitHub\Unity3D-FPS\Projekt-35\Library\ScriptAssemblies\Unity.Timeline.dll
Symbol file LoadedFromMemory is not a mono symbol file
Symbol file data-0000020EF0A9DE10 doesn't match image C:\Users\vasek\OneDrive\Dokumenty\GitHub\Unity3D-FPS\Projekt-35\Library\ScriptAssemblies\Unity.TestTools.CodeCoverage.Editor.OpenCover.Mono.Reflection.dll
Symbol file LoadedFromMemory is not a mono symbol file
Symbol file data-0000020F1C331030 doesn't match image C:\Users\vasek\OneDrive\Dokumenty\GitHub\Unity3D-FPS\Projekt-35\Library\ScriptAssemblies\UnityEngine.UI.dll
Symbol file LoadedFromMemory is not a mono symbol file
Symbol file data-0000020F13F79010 doesn't match image C:\Users\vasek\OneDrive\Dokumenty\GitHub\Unity3D-FPS\Projekt-35\Library\ScriptAssemblies\Unity.VisualScripting.SettingsProvider.Editor.dll
Symbol file LoadedFromMemory is not a mono symbol file
Symbol file data-0000020F1C331030 doesn't match image C:\Users\vasek\OneDrive\Dokumenty\GitHub\Unity3D-FPS\Projekt-35\Library\ScriptAssemblies\Unity.Performance.Profile-Analyzer.Editor.dll
Symbol file LoadedFromMemory is not a mono symbol file
Symbol file data-0000020F12A94040 doesn't match image C:\Users\vasek\OneDrive\Dokumenty\GitHub\Unity3D-FPS\Projekt-35\Library\ScriptAssemblies\Unity.TestTools.CodeCoverage.Editor.dll
Symbol file LoadedFromMemory is not a mono symbol file
Symbol file data-0000020F12BF8060 doesn't match image C:\Users\vasek\OneDrive\Dokumenty\GitHub\Unity3D-FPS\Projekt-35\Library\ScriptAssemblies\Unity.TestTools.CodeCoverage.Editor.OpenCover.Model.dll
Symbol file LoadedFromMemory is not a mono symbol file
Symbol file data-0000020F1E68AAB0 doesn't match image C:\Users\vasek\OneDrive\Dokumenty\GitHub\Unity3D-FPS\Projekt-35\Library\ScriptAssemblies\Unity.PlasticSCM.Editor.dll
Symbol file LoadedFromMemory is not a mono symbol file
Symbol file data-0000020F12CA9E50 doesn't match image C:\Users\vasek\OneDrive\Dokumenty\GitHub\Unity3D-FPS\Projekt-35\Library\ScriptAssemblies\Unity.VisualScripting.State.Editor.dll
Symbol file LoadedFromMemory is not a mono symbol file
Symbol file data-0000020EF1014010 doesn't match image C:\Users\vasek\OneDrive\Dokumenty\GitHub\Unity3D-FPS\Projekt-35\Library\ScriptAssemblies\Unity.Timeline.Editor.dll
Symbol file LoadedFromMemory is not a mono symbol file
Symbol file data-0000020F12BF8060 doesn't match image C:\Users\vasek\OneDrive\Dokumenty\GitHub\Unity3D-FPS\Projekt-35\Library\ScriptAssemblies\Unity.VisualScripting.Shared.Editor.dll
Symbol file LoadedFromMemory is not a mono symbol file
Symbol file data-0000020F12BF8060 doesn't match image C:\Users\vasek\OneDrive\Dokumenty\GitHub\Unity3D-FPS\Projekt-35\Library\ScriptAssemblies\Unity.CollabProxy.Editor.dll
Symbol file LoadedFromMemory is not a mono symbol file
Symbol file data-0000020EF10C6CF0 doesn't match image C:\Users\vasek\OneDrive\Dokumenty\GitHub\Unity3D-FPS\Projekt-35\Library\ScriptAssemblies\Unity.VisualStudio.Editor.dll
Symbol file LoadedFromMemory is not a mono symbol file
Symbol file data-0000020F12764020 doesn't match image C:\Users\vasek\OneDrive\Dokumenty\GitHub\Unity3D-FPS\Projekt-35\Library\ScriptAssemblies\Unity.TextMeshPro.dll
Symbol file LoadedFromMemory is not a mono symbol file
Symbol file data-0000020ECD691430 doesn't match image C:\Users\vasek\OneDrive\Dokumenty\GitHub\Unity3D-FPS\Projekt-35\Library\ScriptAssemblies\Unity.VisualScripting.Core.dll
Symbol file LoadedFromMemory is not a mono symbol file
Symbol file data-0000020EF07D3010 doesn't match image C:\Users\vasek\OneDrive\Dokumenty\GitHub\Unity3D-FPS\Projekt-35\Library\ScriptAssemblies\Unity.TextMeshPro.Editor.dll
Symbol file LoadedFromMemory is not a mono symbol file
Symbol file data-0000020F12CA9E50 doesn't match image C:\Users\vasek\OneDrive\Dokumenty\GitHub\Unity3D-FPS\Projekt-35\Library\ScriptAssemblies\UnityEditor.UI.dll
Symbol file LoadedFromMemory is not a mono symbol file
Symbol file data-0000020EF0372CF0 doesn't match image C:\Users\vasek\OneDrive\Dokumenty\GitHub\Unity3D-FPS\Projekt-35\Library\ScriptAssemblies\Unity.VisualScripting.Core.Editor.dll
Symbol file LoadedFromMemory is not a mono symbol file
Symbol file data-0000020F12BF8060 doesn't match image C:\Users\vasek\OneDrive\Dokumenty\GitHub\Unity3D-FPS\Projekt-35\Library\ScriptAssemblies\Unity.VisualScripting.State.dll
Symbol file LoadedFromMemory is not a mono symbol file
Symbol file data-0000020F12BF8060 doesn't match image C:\Users\vasek\OneDrive\Dokumenty\GitHub\Unity3D-FPS\Projekt-35\Library\ScriptAssemblies\Unity.VSCode.Editor.dll
Symbol file LoadedFromMemory is not a mono symbol file
Symbol file data-0000020F1CD64020 doesn't match image C:\Users\vasek\OneDrive\Dokumenty\GitHub\Unity3D-FPS\Projekt-35\Library\ScriptAssemblies\Unity.VisualScripting.Flow.dll
Symbol file LoadedFromMemory is not a mono symbol file
Symbol file data-0000020F1D4F1020 doesn't match image C:\Users\vasek\OneDrive\Dokumenty\GitHub\Unity3D-FPS\Projekt-35\Library\ScriptAssemblies\Unity.VisualScripting.Flow.Editor.dll
Symbol file LoadedFromMemory is not a mono symbol file
- Loaded All Assemblies, in  0.447 seconds
Refreshing native plugins compatible for Editor in 2.67 ms, found 3 plugins.
Native extension for WindowsStandalone target not found
[Package Manager] Server::EnsureServerProcessIsRunning -- launch failed, reason: Unity was launched with the -noUpm command-line argument
[Package Manager] UpmClient::Send -- Unable to send message (not connected to UPM process).
[Package Manager] Cannot connect to Unity Package Manager local server
Mono: successfully reloaded assembly
- Finished resetting the current domain, in  1.544 seconds
Domain Reload Profiling: 1989ms
	BeginReloadAssembly (163ms)
		ExecutionOrderSort (0ms)
		DisableScriptedObjects (6ms)
		BackupInstance (0ms)
		ReleaseScriptingObjects (0ms)
		CreateAndSetChildDomain (44ms)
	RebuildCommonClasses (30ms)
	RebuildNativeTypeToScriptingClass (10ms)
	initialDomainReloadingComplete (23ms)
	LoadAllAssembliesAndSetupDomain (219ms)
		LoadAssemblies (291ms)
		RebuildTransferFunctionScriptingTraits (0ms)
		AnalyzeDomain (11ms)
			TypeCache.Refresh (6ms)
				TypeCache.ScanAssembly (0ms)
			ScanForSourceGeneratedMonoScriptInfo (0ms)
			ResolveRequiredComponents (4ms)
	FinalizeReload (1544ms)
		ReleaseScriptCaches (0ms)
		RebuildScriptCaches (0ms)
		SetupLoadedEditorAssemblies (1018ms)
			LogAssemblyErrors (0ms)
			InitializePlatformSupportModulesInManaged (9ms)
			SetLoadedEditorAssemblies (7ms)
			RefreshPlugins (0ms)
			BeforeProcessingInitializeOnLoad (116ms)
			ProcessInitializeOnLoadAttributes (851ms)
			ProcessInitializeOnLoadMethodAttributes (28ms)
			AfterProcessingInitializeOnLoad (8ms)
			EditorAssembliesLoaded (0ms)
		ExecutionOrderSort2 (0ms)
		AwakeInstancesAfterBackupRestoration (12ms)
Refreshing native plugins compatible for Editor in 3.02 ms, found 3 plugins.
Preloading 0 native plugins for Editor in 0.00 ms.
Unloading 3136 Unused Serialized files (Serialized files now loaded: 0)
Unloading 23 unused Assets / (31.0 KB). Loaded Objects now: 3655.
Memory consumption went from 141.3 MB to 141.3 MB.
Total: 3.815200 ms (FindLiveObjects: 0.326700 ms CreateObjectMapping: 0.075500 ms MarkObjects: 3.348300 ms  DeleteObjects: 0.062700 ms)

Prepare: number of updated asset objects reloaded= 0
AssetImportParameters requested are different than current active one (requested -> active):
  custom:container-demuxer-ogg: 62fdf1f143b41e24485cea50d1cbac27 -> 
  custom:video-codec-MediaFoundation-h265: 746d11721c4dcdbdad8f713fa42b33f4 -> 
  custom:video-decoder-ogg-theora: a1e56fd34408186e4bbccfd4996cb3dc -> 
  custom:framework-win-MediaFoundation: 216162199b28c13a410421893ffa2e32 -> 
  custom:CustomObjectIndexerAttribute: 756ad292c208cfabdd7b50bc23989ffe -> 
  custom:container-demuxer-webm: 4f35f7cbe854078d1ac9338744f61a02 -> 
  custom:container-muxer-webm: aa71ff27fc2769a1b78a27578f13a17b -> 
  custom:video-decoder-webm-vp8: 9c59270c3fd7afecdb556c50c9e8de78 -> 
  custom:SearchIndexIgnoredProperties: e643bd26f0fe6173181afceb89e7c659 -> 
  custom:AudioImporter_EditorPlatform: d09bf68614088b80899f8185d706f6e7 -> 
  custom:video-encoder-webm-vp8: eb34c28f22e8b96e1ab97ce403110664 -> 
  custom:audio-decoder-ogg-vorbis: bf7c407c2cedff20999df2af8eb42d56 -> 
  custom:audio-encoder-webm-vorbis: bf7c407c2cedff20999df2af8eb42d56 -> 
========================================================================
Received Prepare
Begin MonoManager ReloadAssembly
Symbol file data-0000020F1BBA3920 doesn't match image C:\Users\vasek\OneDrive\Dokumenty\GitHub\Unity3D-FPS\Projekt-35\Library\ScriptAssemblies\Unity.Timeline.dll
Symbol file LoadedFromMemory is not a mono symbol file
Symbol file data-0000020F13C70840 doesn't match image C:\Users\vasek\OneDrive\Dokumenty\GitHub\Unity3D-FPS\Projekt-35\Library\ScriptAssemblies\Unity.TestTools.CodeCoverage.Editor.OpenCover.Mono.Reflection.dll
Symbol file LoadedFromMemory is not a mono symbol file
Symbol file data-0000020EF033BCB0 doesn't match image C:\Users\vasek\OneDrive\Dokumenty\GitHub\Unity3D-FPS\Projekt-35\Library\ScriptAssemblies\UnityEngine.UI.dll
Symbol file LoadedFromMemory is not a mono symbol file
Symbol file data-0000020F13C70840 doesn't match image C:\Users\vasek\OneDrive\Dokumenty\GitHub\Unity3D-FPS\Projekt-35\Library\ScriptAssemblies\Unity.VisualScripting.SettingsProvider.Editor.dll
Symbol file LoadedFromMemory is not a mono symbol file
Symbol file data-0000020EF033BCB0 doesn't match image C:\Users\vasek\OneDrive\Dokumenty\GitHub\Unity3D-FPS\Projekt-35\Library\ScriptAssemblies\Unity.Performance.Profile-Analyzer.Editor.dll
Symbol file LoadedFromMemory is not a mono symbol file
Symbol file data-0000020F1C209050 doesn't match image C:\Users\vasek\OneDrive\Dokumenty\GitHub\Unity3D-FPS\Projekt-35\Library\ScriptAssemblies\Unity.TestTools.CodeCoverage.Editor.dll
Symbol file LoadedFromMemory is not a mono symbol file
Symbol file data-0000020EF03EEB10 doesn't match image C:\Users\vasek\OneDrive\Dokumenty\GitHub\Unity3D-FPS\Projekt-35\Library\ScriptAssemblies\Unity.TestTools.CodeCoverage.Editor.OpenCover.Model.dll
Symbol file LoadedFromMemory is not a mono symbol file
Symbol file data-0000020ECD6A3010 doesn't match image C:\Users\vasek\OneDrive\Dokumenty\GitHub\Unity3D-FPS\Projekt-35\Library\ScriptAssemblies\Unity.PlasticSCM.Editor.dll
Symbol file LoadedFromMemory is not a mono symbol file
Symbol file data-0000020F1ECEE050 doesn't match image C:\Users\vasek\OneDrive\Dokumenty\GitHub\Unity3D-FPS\Projekt-35\Library\ScriptAssemblies\Unity.VisualScripting.State.Editor.dll
Symbol file LoadedFromMemory is not a mono symbol file
Symbol file data-0000020EF1014010 doesn't match image C:\Users\vasek\OneDrive\Dokumenty\GitHub\Unity3D-FPS\Projekt-35\Library\ScriptAssemblies\Unity.Timeline.Editor.dll
Symbol file LoadedFromMemory is not a mono symbol file
Symbol file data-0000020F1D66FF00 doesn't match image C:\Users\vasek\OneDrive\Dokumenty\GitHub\Unity3D-FPS\Projekt-35\Library\ScriptAssemblies\Unity.VisualScripting.Shared.Editor.dll
Symbol file LoadedFromMemory is not a mono symbol file
Symbol file data-0000020F1D956970 doesn't match image C:\Users\vasek\OneDrive\Dokumenty\GitHub\Unity3D-FPS\Projekt-35\Library\ScriptAssemblies\Unity.CollabProxy.Editor.dll
Symbol file LoadedFromMemory is not a mono symbol file
Symbol file data-0000020EF0DD4B50 doesn't match image C:\Users\vasek\OneDrive\Dokumenty\GitHub\Unity3D-FPS\Projekt-35\Library\ScriptAssemblies\Unity.VisualStudio.Editor.dll
Symbol file LoadedFromMemory is not a mono symbol file
Symbol file data-0000020F1B940080 doesn't match image C:\Users\vasek\OneDrive\Dokumenty\GitHub\Unity3D-FPS\Projekt-35\Library\ScriptAssemblies\Unity.TextMeshPro.dll
Symbol file LoadedFromMemory is not a mono symbol file
Symbol file data-0000020F146C7020 doesn't match image C:\Users\vasek\OneDrive\Dokumenty\GitHub\Unity3D-FPS\Projekt-35\Library\ScriptAssemblies\Unity.VisualScripting.Core.dll
Symbol file LoadedFromMemory is not a mono symbol file
Symbol file data-0000020EF07D3010 doesn't match image C:\Users\vasek\OneDrive\Dokumenty\GitHub\Unity3D-FPS\Projekt-35\Library\ScriptAssemblies\Unity.TextMeshPro.Editor.dll
Symbol file LoadedFromMemory is not a mono symbol file
Symbol file data-0000020F1ECEE050 doesn't match image C:\Users\vasek\OneDrive\Dokumenty\GitHub\Unity3D-FPS\Projekt-35\Library\ScriptAssemblies\UnityEditor.UI.dll
Symbol file LoadedFromMemory is not a mono symbol file
Symbol file data-0000020F1EA7C060 doesn't match image C:\Users\vasek\OneDrive\Dokumenty\GitHub\Unity3D-FPS\Projekt-35\Library\ScriptAssemblies\Unity.VisualScripting.Core.Editor.dll
Symbol file LoadedFromMemory is not a mono symbol file
Symbol file data-0000020F1C542020 doesn't match image C:\Users\vasek\OneDrive\Dokumenty\GitHub\Unity3D-FPS\Projekt-35\Library\ScriptAssemblies\Unity.VisualScripting.State.dll
Symbol file LoadedFromMemory is not a mono symbol file
Symbol file data-0000020F1C542020 doesn't match image C:\Users\vasek\OneDrive\Dokumenty\GitHub\Unity3D-FPS\Projekt-35\Library\ScriptAssemblies\Unity.VSCode.Editor.dll
Symbol file LoadedFromMemory is not a mono symbol file
Symbol file data-0000020EF07894B0 doesn't match image C:\Users\vasek\OneDrive\Dokumenty\GitHub\Unity3D-FPS\Projekt-35\Library\ScriptAssemblies\Unity.VisualScripting.Flow.dll
Symbol file LoadedFromMemory is not a mono symbol file
Symbol file data-0000020EF1090CB0 doesn't match image C:\Users\vasek\OneDrive\Dokumenty\GitHub\Unity3D-FPS\Projekt-35\Library\ScriptAssemblies\Unity.VisualScripting.Flow.Editor.dll
Symbol file LoadedFromMemory is not a mono symbol file
- Loaded All Assemblies, in  0.473 seconds
Refreshing native plugins compatible for Editor in 2.50 ms, found 3 plugins.
Native extension for WindowsStandalone target not found
[Package Manager] Server::EnsureServerProcessIsRunning -- launch failed, reason: Unity was launched with the -noUpm command-line argument
[Package Manager] UpmClient::Send -- Unable to send message (not connected to UPM process).
[Package Manager] Cannot connect to Unity Package Manager local server
Mono: successfully reloaded assembly
- Finished resetting the current domain, in  1.204 seconds
Domain Reload Profiling: 1676ms
	BeginReloadAssembly (167ms)
		ExecutionOrderSort (0ms)
		DisableScriptedObjects (7ms)
		BackupInstance (0ms)
		ReleaseScriptingObjects (0ms)
		CreateAndSetChildDomain (47ms)
	RebuildCommonClasses (29ms)
	RebuildNativeTypeToScriptingClass (10ms)
	initialDomainReloadingComplete (25ms)
	LoadAllAssembliesAndSetupDomain (240ms)
		LoadAssemblies (298ms)
		RebuildTransferFunctionScriptingTraits (0ms)
		AnalyzeDomain (13ms)
			TypeCache.Refresh (5ms)
				TypeCache.ScanAssembly (0ms)
			ScanForSourceGeneratedMonoScriptInfo (0ms)
			ResolveRequiredComponents (6ms)
	FinalizeReload (1205ms)
		ReleaseScriptCaches (0ms)
		RebuildScriptCaches (0ms)
		SetupLoadedEditorAssemblies (756ms)
			LogAssemblyErrors (0ms)
			InitializePlatformSupportModulesInManaged (6ms)
			SetLoadedEditorAssemblies (4ms)
			RefreshPlugins (0ms)
			BeforeProcessingInitializeOnLoad (79ms)
			ProcessInitializeOnLoadAttributes (632ms)
			ProcessInitializeOnLoadMethodAttributes (28ms)
			AfterProcessingInitializeOnLoad (7ms)
			EditorAssembliesLoaded (0ms)
		ExecutionOrderSort2 (0ms)
		AwakeInstancesAfterBackupRestoration (8ms)
Refreshing native plugins compatible for Editor in 4.38 ms, found 3 plugins.
Preloading 0 native plugins for Editor in 0.00 ms.
Unloading 3136 Unused Serialized files (Serialized files now loaded: 0)
Unloading 23 unused Assets / (31.0 KB). Loaded Objects now: 3658.
Memory consumption went from 143.2 MB to 143.2 MB.
Total: 4.655000 ms (FindLiveObjects: 0.305600 ms CreateObjectMapping: 0.074100 ms MarkObjects: 4.208500 ms  DeleteObjects: 0.065500 ms)

Prepare: number of updated asset objects reloaded= 0
AssetImportParameters requested are different than current active one (requested -> active):
  custom:container-demuxer-ogg: 62fdf1f143b41e24485cea50d1cbac27 -> 
  custom:video-codec-MediaFoundation-h265: 746d11721c4dcdbdad8f713fa42b33f4 -> 
  custom:video-decoder-ogg-theora: a1e56fd34408186e4bbccfd4996cb3dc -> 
  custom:framework-win-MediaFoundation: 216162199b28c13a410421893ffa2e32 -> 
  custom:CustomObjectIndexerAttribute: 756ad292c208cfabdd7b50bc23989ffe -> 
  custom:container-demuxer-webm: 4f35f7cbe854078d1ac9338744f61a02 -> 
  custom:container-muxer-webm: aa71ff27fc2769a1b78a27578f13a17b -> 
  custom:video-decoder-webm-vp8: 9c59270c3fd7afecdb556c50c9e8de78 -> 
  custom:SearchIndexIgnoredProperties: e643bd26f0fe6173181afceb89e7c659 -> 
  custom:AudioImporter_EditorPlatform: d09bf68614088b80899f8185d706f6e7 -> 
  custom:video-encoder-webm-vp8: eb34c28f22e8b96e1ab97ce403110664 -> 
  custom:audio-decoder-ogg-vorbis: bf7c407c2cedff20999df2af8eb42d56 -> 
  custom:audio-encoder-webm-vorbis: bf7c407c2cedff20999df2af8eb42d56 -> 
========================================================================
Received Prepare
Begin MonoManager ReloadAssembly
Symbol file data-0000020F1BBA3920 doesn't match image C:\Users\vasek\OneDrive\Dokumenty\GitHub\Unity3D-FPS\Projekt-35\Library\ScriptAssemblies\Unity.Timeline.dll
Symbol file LoadedFromMemory is not a mono symbol file
Symbol file data-0000020F1D9E6E40 doesn't match image C:\Users\vasek\OneDrive\Dokumenty\GitHub\Unity3D-FPS\Projekt-35\Library\ScriptAssemblies\Unity.TestTools.CodeCoverage.Editor.OpenCover.Mono.Reflection.dll
Symbol file LoadedFromMemory is not a mono symbol file
Symbol file data-0000020F1D73A6E0 doesn't match image C:\Users\vasek\OneDrive\Dokumenty\GitHub\Unity3D-FPS\Projekt-35\Library\ScriptAssemblies\UnityEngine.UI.dll
Symbol file LoadedFromMemory is not a mono symbol file
Symbol file data-0000020F1D9E6E40 doesn't match image C:\Users\vasek\OneDrive\Dokumenty\GitHub\Unity3D-FPS\Projekt-35\Library\ScriptAssemblies\Unity.VisualScripting.SettingsProvider.Editor.dll
Symbol file LoadedFromMemory is not a mono symbol file
Symbol file data-0000020F1D73A6E0 doesn't match image C:\Users\vasek\OneDrive\Dokumenty\GitHub\Unity3D-FPS\Projekt-35\Library\ScriptAssemblies\Unity.Performance.Profile-Analyzer.Editor.dll
Symbol file LoadedFromMemory is not a mono symbol file
Symbol file data-0000020D001AB040 doesn't match image C:\Users\vasek\OneDrive\Dokumenty\GitHub\Unity3D-FPS\Projekt-35\Library\ScriptAssemblies\Unity.TestTools.CodeCoverage.Editor.dll
Symbol file LoadedFromMemory is not a mono symbol file
Symbol file data-0000020EF07BB020 doesn't match image C:\Users\vasek\OneDrive\Dokumenty\GitHub\Unity3D-FPS\Projekt-35\Library\ScriptAssemblies\Unity.TestTools.CodeCoverage.Editor.OpenCover.Model.dll
Symbol file LoadedFromMemory is not a mono symbol file
Symbol file data-0000020ECD6A3010 doesn't match image C:\Users\vasek\OneDrive\Dokumenty\GitHub\Unity3D-FPS\Projekt-35\Library\ScriptAssemblies\Unity.PlasticSCM.Editor.dll
Symbol file LoadedFromMemory is not a mono symbol file
Symbol file data-0000020F1ED770F0 doesn't match image C:\Users\vasek\OneDrive\Dokumenty\GitHub\Unity3D-FPS\Projekt-35\Library\ScriptAssemblies\Unity.VisualScripting.State.Editor.dll
Symbol file LoadedFromMemory is not a mono symbol file
Symbol file data-0000020EF1014010 doesn't match image C:\Users\vasek\OneDrive\Dokumenty\GitHub\Unity3D-FPS\Projekt-35\Library\ScriptAssemblies\Unity.Timeline.Editor.dll
Symbol file LoadedFromMemory is not a mono symbol file
Symbol file data-0000020EF03634C0 doesn't match image C:\Users\vasek\OneDrive\Dokumenty\GitHub\Unity3D-FPS\Projekt-35\Library\ScriptAssemblies\Unity.VisualScripting.Shared.Editor.dll
Symbol file LoadedFromMemory is not a mono symbol file
Symbol file data-0000020F1E0BE010 doesn't match image C:\Users\vasek\OneDrive\Dokumenty\GitHub\Unity3D-FPS\Projekt-35\Library\ScriptAssemblies\Unity.CollabProxy.Editor.dll
Symbol file LoadedFromMemory is not a mono symbol file
Symbol file data-0000020EF0DD4B50 doesn't match image C:\Users\vasek\OneDrive\Dokumenty\GitHub\Unity3D-FPS\Projekt-35\Library\ScriptAssemblies\Unity.VisualStudio.Editor.dll
Symbol file LoadedFromMemory is not a mono symbol file
Symbol file data-0000020F1D8EF560 doesn't match image C:\Users\vasek\OneDrive\Dokumenty\GitHub\Unity3D-FPS\Projekt-35\Library\ScriptAssemblies\Unity.TextMeshPro.dll
Symbol file LoadedFromMemory is not a mono symbol file
Symbol file data-0000020F146C7020 doesn't match image C:\Users\vasek\OneDrive\Dokumenty\GitHub\Unity3D-FPS\Projekt-35\Library\ScriptAssemblies\Unity.VisualScripting.Core.dll
Symbol file LoadedFromMemory is not a mono symbol file
Symbol file data-0000020F1BAD0040 doesn't match image C:\Users\vasek\OneDrive\Dokumenty\GitHub\Unity3D-FPS\Projekt-35\Library\ScriptAssemblies\Unity.TextMeshPro.Editor.dll
Symbol file LoadedFromMemory is not a mono symbol file
Symbol file data-0000020F1ED770F0 doesn't match image C:\Users\vasek\OneDrive\Dokumenty\GitHub\Unity3D-FPS\Projekt-35\Library\ScriptAssemblies\UnityEditor.UI.dll
Symbol file LoadedFromMemory is not a mono symbol file
Symbol file data-0000020EF0372CF0 doesn't match image C:\Users\vasek\OneDrive\Dokumenty\GitHub\Unity3D-FPS\Projekt-35\Library\ScriptAssemblies\Unity.VisualScripting.Core.Editor.dll
Symbol file LoadedFromMemory is not a mono symbol file
Symbol file data-0000020EF08F0010 doesn't match image C:\Users\vasek\OneDrive\Dokumenty\GitHub\Unity3D-FPS\Projekt-35\Library\ScriptAssemblies\Unity.VisualScripting.State.dll
Symbol file LoadedFromMemory is not a mono symbol file
Symbol file data-0000020EF08F0010 doesn't match image C:\Users\vasek\OneDrive\Dokumenty\GitHub\Unity3D-FPS\Projekt-35\Library\ScriptAssemblies\Unity.VSCode.Editor.dll
Symbol file LoadedFromMemory is not a mono symbol file
Symbol file data-0000020F1C5DDCE0 doesn't match image C:\Users\vasek\OneDrive\Dokumenty\GitHub\Unity3D-FPS\Projekt-35\Library\ScriptAssemblies\Unity.VisualScripting.Flow.dll
Symbol file LoadedFromMemory is not a mono symbol file
Symbol file data-0000020F1D4F1020 doesn't match image C:\Users\vasek\OneDrive\Dokumenty\GitHub\Unity3D-FPS\Projekt-35\Library\ScriptAssemblies\Unity.VisualScripting.Flow.Editor.dll
Symbol file LoadedFromMemory is not a mono symbol file
- Loaded All Assemblies, in  0.471 seconds
Refreshing native plugins compatible for Editor in 3.49 ms, found 3 plugins.
Native extension for WindowsStandalone target not found
[Package Manager] Server::EnsureServerProcessIsRunning -- launch failed, reason: Unity was launched with the -noUpm command-line argument
[Package Manager] UpmClient::Send -- Unable to send message (not connected to UPM process).
[Package Manager] Cannot connect to Unity Package Manager local server
Mono: successfully reloaded assembly
- Finished resetting the current domain, in  1.537 seconds
Domain Reload Profiling: 2006ms
	BeginReloadAssembly (180ms)
		ExecutionOrderSort (0ms)
		DisableScriptedObjects (6ms)
		BackupInstance (0ms)
		ReleaseScriptingObjects (0ms)
		CreateAndSetChildDomain (46ms)
	RebuildCommonClasses (39ms)
	RebuildNativeTypeToScriptingClass (11ms)
	initialDomainReloadingComplete (28ms)
	LoadAllAssembliesAndSetupDomain (210ms)
		LoadAssemblies (290ms)
		RebuildTransferFunctionScriptingTraits (0ms)
		AnalyzeDomain (13ms)
			TypeCache.Refresh (5ms)
				TypeCache.ScanAssembly (0ms)
			ScanForSourceGeneratedMonoScriptInfo (0ms)
			ResolveRequiredComponents (7ms)
	FinalizeReload (1537ms)
		ReleaseScriptCaches (0ms)
		RebuildScriptCaches (0ms)
		SetupLoadedEditorAssemblies (963ms)
			LogAssemblyErrors (0ms)
			InitializePlatformSupportModulesInManaged (12ms)
			SetLoadedEditorAssemblies (8ms)
			RefreshPlugins (0ms)
			BeforeProcessingInitializeOnLoad (102ms)
			ProcessInitializeOnLoadAttributes (804ms)
			ProcessInitializeOnLoadMethodAttributes (30ms)
			AfterProcessingInitializeOnLoad (7ms)
			EditorAssembliesLoaded (0ms)
		ExecutionOrderSort2 (0ms)
		AwakeInstancesAfterBackupRestoration (8ms)
Refreshing native plugins compatible for Editor in 4.84 ms, found 3 plugins.
Preloading 0 native plugins for Editor in 0.00 ms.
Unloading 3136 Unused Serialized files (Serialized files now loaded: 0)
Unloading 23 unused Assets / (31.0 KB). Loaded Objects now: 3661.
Memory consumption went from 145.2 MB to 145.2 MB.
Total: 4.541700 ms (FindLiveObjects: 0.291300 ms CreateObjectMapping: 0.079500 ms MarkObjects: 4.091400 ms  DeleteObjects: 0.078300 ms)

Prepare: number of updated asset objects reloaded= 0
AssetImportParameters requested are different than current active one (requested -> active):
  custom:container-demuxer-ogg: 62fdf1f143b41e24485cea50d1cbac27 -> 
  custom:video-codec-MediaFoundation-h265: 746d11721c4dcdbdad8f713fa42b33f4 -> 
  custom:video-decoder-ogg-theora: a1e56fd34408186e4bbccfd4996cb3dc -> 
  custom:framework-win-MediaFoundation: 216162199b28c13a410421893ffa2e32 -> 
  custom:CustomObjectIndexerAttribute: 756ad292c208cfabdd7b50bc23989ffe -> 
  custom:container-demuxer-webm: 4f35f7cbe854078d1ac9338744f61a02 -> 
  custom:container-muxer-webm: aa71ff27fc2769a1b78a27578f13a17b -> 
  custom:video-decoder-webm-vp8: 9c59270c3fd7afecdb556c50c9e8de78 -> 
  custom:SearchIndexIgnoredProperties: e643bd26f0fe6173181afceb89e7c659 -> 
  custom:AudioImporter_EditorPlatform: d09bf68614088b80899f8185d706f6e7 -> 
  custom:video-encoder-webm-vp8: eb34c28f22e8b96e1ab97ce403110664 -> 
  custom:audio-decoder-ogg-vorbis: bf7c407c2cedff20999df2af8eb42d56 -> 
  custom:audio-encoder-webm-vorbis: bf7c407c2cedff20999df2af8eb42d56 -> 
========================================================================
Received Prepare
Begin MonoManager ReloadAssembly
Symbol file data-0000020F1452F030 doesn't match image C:\Users\vasek\OneDrive\Dokumenty\GitHub\Unity3D-FPS\Projekt-35\Library\ScriptAssemblies\Unity.Timeline.dll
Symbol file LoadedFromMemory is not a mono symbol file
Symbol file data-0000020F13C70840 doesn't match image C:\Users\vasek\OneDrive\Dokumenty\GitHub\Unity3D-FPS\Projekt-35\Library\ScriptAssemblies\Unity.TestTools.CodeCoverage.Editor.OpenCover.Mono.Reflection.dll
Symbol file LoadedFromMemory is not a mono symbol file
Symbol file data-0000020F1E1D9010 doesn't match image C:\Users\vasek\OneDrive\Dokumenty\GitHub\Unity3D-FPS\Projekt-35\Library\ScriptAssemblies\UnityEngine.UI.dll
Symbol file LoadedFromMemory is not a mono symbol file
Symbol file data-0000020F13C70840 doesn't match image C:\Users\vasek\OneDrive\Dokumenty\GitHub\Unity3D-FPS\Projekt-35\Library\ScriptAssemblies\Unity.VisualScripting.SettingsProvider.Editor.dll
Symbol file LoadedFromMemory is not a mono symbol file
Symbol file data-0000020F1E1D9010 doesn't match image C:\Users\vasek\OneDrive\Dokumenty\GitHub\Unity3D-FPS\Projekt-35\Library\ScriptAssemblies\Unity.Performance.Profile-Analyzer.Editor.dll
Symbol file LoadedFromMemory is not a mono symbol file
Symbol file data-0000020ECD652020 doesn't match image C:\Users\vasek\OneDrive\Dokumenty\GitHub\Unity3D-FPS\Projekt-35\Library\ScriptAssemblies\Unity.TestTools.CodeCoverage.Editor.dll
Symbol file LoadedFromMemory is not a mono symbol file
Symbol file data-0000020F1416DB30 doesn't match image C:\Users\vasek\OneDrive\Dokumenty\GitHub\Unity3D-FPS\Projekt-35\Library\ScriptAssemblies\Unity.TestTools.CodeCoverage.Editor.OpenCover.Model.dll
Symbol file LoadedFromMemory is not a mono symbol file
Symbol file data-0000020ECD6A3010 doesn't match image C:\Users\vasek\OneDrive\Dokumenty\GitHub\Unity3D-FPS\Projekt-35\Library\ScriptAssemblies\Unity.PlasticSCM.Editor.dll
Symbol file LoadedFromMemory is not a mono symbol file
Symbol file data-0000020ECCEA9030 doesn't match image C:\Users\vasek\OneDrive\Dokumenty\GitHub\Unity3D-FPS\Projekt-35\Library\ScriptAssemblies\Unity.VisualScripting.State.Editor.dll
Symbol file LoadedFromMemory is not a mono symbol file
Symbol file data-0000020EF1014010 doesn't match image C:\Users\vasek\OneDrive\Dokumenty\GitHub\Unity3D-FPS\Projekt-35\Library\ScriptAssemblies\Unity.Timeline.Editor.dll
Symbol file LoadedFromMemory is not a mono symbol file
Symbol file data-0000020F13C70840 doesn't match image C:\Users\vasek\OneDrive\Dokumenty\GitHub\Unity3D-FPS\Projekt-35\Library\ScriptAssemblies\Unity.VisualScripting.Shared.Editor.dll
Symbol file LoadedFromMemory is not a mono symbol file
Symbol file data-0000020F1E0BE010 doesn't match image C:\Users\vasek\OneDrive\Dokumenty\GitHub\Unity3D-FPS\Projekt-35\Library\ScriptAssemblies\Unity.CollabProxy.Editor.dll
Symbol file LoadedFromMemory is not a mono symbol file
Symbol file data-0000020EF0883020 doesn't match image C:\Users\vasek\OneDrive\Dokumenty\GitHub\Unity3D-FPS\Projekt-35\Library\ScriptAssemblies\Unity.VisualStudio.Editor.dll
Symbol file LoadedFromMemory is not a mono symbol file
Symbol file data-0000020F1D8EF560 doesn't match image C:\Users\vasek\OneDrive\Dokumenty\GitHub\Unity3D-FPS\Projekt-35\Library\ScriptAssemblies\Unity.TextMeshPro.dll
Symbol file LoadedFromMemory is not a mono symbol file
Symbol file data-0000020F146C7020 doesn't match image C:\Users\vasek\OneDrive\Dokumenty\GitHub\Unity3D-FPS\Projekt-35\Library\ScriptAssemblies\Unity.VisualScripting.Core.dll
Symbol file LoadedFromMemory is not a mono symbol file
Symbol file data-0000020F1BAD0040 doesn't match image C:\Users\vasek\OneDrive\Dokumenty\GitHub\Unity3D-FPS\Projekt-35\Library\ScriptAssemblies\Unity.TextMeshPro.Editor.dll
Symbol file LoadedFromMemory is not a mono symbol file
Symbol file data-0000020ECCEA9030 doesn't match image C:\Users\vasek\OneDrive\Dokumenty\GitHub\Unity3D-FPS\Projekt-35\Library\ScriptAssemblies\UnityEditor.UI.dll
Symbol file LoadedFromMemory is not a mono symbol file
Symbol file data-0000020EF0372CF0 doesn't match image C:\Users\vasek\OneDrive\Dokumenty\GitHub\Unity3D-FPS\Projekt-35\Library\ScriptAssemblies\Unity.VisualScripting.Core.Editor.dll
Symbol file LoadedFromMemory is not a mono symbol file
Symbol file data-0000020F12BFC120 doesn't match image C:\Users\vasek\OneDrive\Dokumenty\GitHub\Unity3D-FPS\Projekt-35\Library\ScriptAssemblies\Unity.VisualScripting.State.dll
Symbol file LoadedFromMemory is not a mono symbol file
Symbol file data-0000020F12BFC120 doesn't match image C:\Users\vasek\OneDrive\Dokumenty\GitHub\Unity3D-FPS\Projekt-35\Library\ScriptAssemblies\Unity.VSCode.Editor.dll
Symbol file LoadedFromMemory is not a mono symbol file
Symbol file data-0000020F1C5DDCE0 doesn't match image C:\Users\vasek\OneDrive\Dokumenty\GitHub\Unity3D-FPS\Projekt-35\Library\ScriptAssemblies\Unity.VisualScripting.Flow.dll
Symbol file LoadedFromMemory is not a mono symbol file
Symbol file data-0000020F1E1D9010 doesn't match image C:\Users\vasek\OneDrive\Dokumenty\GitHub\Unity3D-FPS\Projekt-35\Library\ScriptAssemblies\Unity.VisualScripting.Flow.Editor.dll
Symbol file LoadedFromMemory is not a mono symbol file
- Loaded All Assemblies, in  0.465 seconds
Refreshing native plugins compatible for Editor in 2.82 ms, found 3 plugins.
Native extension for WindowsStandalone target not found
[Package Manager] Server::EnsureServerProcessIsRunning -- launch failed, reason: Unity was launched with the -noUpm command-line argument
[Package Manager] UpmClient::Send -- Unable to send message (not connected to UPM process).
[Package Manager] Cannot connect to Unity Package Manager local server
Mono: successfully reloaded assembly
- Finished resetting the current domain, in  1.517 seconds
Domain Reload Profiling: 1979ms
	BeginReloadAssembly (167ms)
		ExecutionOrderSort (0ms)
		DisableScriptedObjects (5ms)
		BackupInstance (0ms)
		ReleaseScriptingObjects (0ms)
		CreateAndSetChildDomain (45ms)
	RebuildCommonClasses (43ms)
	RebuildNativeTypeToScriptingClass (12ms)
	initialDomainReloadingComplete (30ms)
	LoadAllAssembliesAndSetupDomain (211ms)
		LoadAssemblies (284ms)
		RebuildTransferFunctionScriptingTraits (0ms)
		AnalyzeDomain (10ms)
			TypeCache.Refresh (4ms)
				TypeCache.ScanAssembly (0ms)
			ScanForSourceGeneratedMonoScriptInfo (0ms)
			ResolveRequiredComponents (5ms)
	FinalizeReload (1517ms)
		ReleaseScriptCaches (0ms)
		RebuildScriptCaches (0ms)
		SetupLoadedEditorAssemblies (949ms)
			LogAssemblyErrors (0ms)
			InitializePlatformSupportModulesInManaged (9ms)
			SetLoadedEditorAssemblies (8ms)
			RefreshPlugins (0ms)
			BeforeProcessingInitializeOnLoad (100ms)
			ProcessInitializeOnLoadAttributes (795ms)
			ProcessInitializeOnLoadMethodAttributes (31ms)
			AfterProcessingInitializeOnLoad (5ms)
			EditorAssembliesLoaded (0ms)
		ExecutionOrderSort2 (0ms)
		AwakeInstancesAfterBackupRestoration (10ms)
Refreshing native plugins compatible for Editor in 3.11 ms, found 3 plugins.
Preloading 0 native plugins for Editor in 0.00 ms.
Unloading 3136 Unused Serialized files (Serialized files now loaded: 0)
Unloading 23 unused Assets / (31.0 KB). Loaded Objects now: 3664.
Memory consumption went from 147.1 MB to 147.1 MB.
Total: 5.138100 ms (FindLiveObjects: 0.839900 ms CreateObjectMapping: 0.185600 ms MarkObjects: 3.910300 ms  DeleteObjects: 0.118000 ms)

Prepare: number of updated asset objects reloaded= 0
AssetImportParameters requested are different than current active one (requested -> active):
  custom:container-demuxer-ogg: 62fdf1f143b41e24485cea50d1cbac27 -> 
  custom:video-codec-MediaFoundation-h265: 746d11721c4dcdbdad8f713fa42b33f4 -> 
  custom:video-decoder-ogg-theora: a1e56fd34408186e4bbccfd4996cb3dc -> 
  custom:framework-win-MediaFoundation: 216162199b28c13a410421893ffa2e32 -> 
  custom:CustomObjectIndexerAttribute: 756ad292c208cfabdd7b50bc23989ffe -> 
  custom:container-demuxer-webm: 4f35f7cbe854078d1ac9338744f61a02 -> 
  custom:container-muxer-webm: aa71ff27fc2769a1b78a27578f13a17b -> 
  custom:video-decoder-webm-vp8: 9c59270c3fd7afecdb556c50c9e8de78 -> 
  custom:SearchIndexIgnoredProperties: e643bd26f0fe6173181afceb89e7c659 -> 
  custom:AudioImporter_EditorPlatform: d09bf68614088b80899f8185d706f6e7 -> 
  custom:video-encoder-webm-vp8: eb34c28f22e8b96e1ab97ce403110664 -> 
  custom:audio-decoder-ogg-vorbis: bf7c407c2cedff20999df2af8eb42d56 -> 
  custom:audio-encoder-webm-vorbis: bf7c407c2cedff20999df2af8eb42d56 -> 
========================================================================
Received Import Request.
  Time since last request: 1064.362913 seconds.
  path: Assets/TextMesh Pro/Examples & Extras/Resources/Fonts & Materials/LiberationSans SDF - Metalic Green.mat
  artifactKey: Guid(8b29aaa3eec7468097ff07adfcf29ac9) Importer(815301076,1909f56bfc062723c751e8b465ee728b)
Start importing Assets/TextMesh Pro/Examples & Extras/Resources/Fonts & Materials/LiberationSans SDF - Metalic Green.mat using Guid(8b29aaa3eec7468097ff07adfcf29ac9) Importer(815301076,1909f56bfc062723c751e8b465ee728b)  -> (artifact id: '52254553b7e8b3dfa1f014c0682e2945') in 0.337077 seconds
Number of updated asset objects reloaded before import = 0
Number of asset objects unloaded after import = 4
========================================================================
Received Prepare
Begin MonoManager ReloadAssembly
Symbol file data-0000020F1D290010 doesn't match image C:\Users\vasek\OneDrive\Dokumenty\GitHub\Unity3D-FPS\Projekt-35\Library\ScriptAssemblies\Unity.Timeline.dll
Symbol file LoadedFromMemory is not a mono symbol file
Symbol file data-0000020F12695A70 doesn't match image C:\Users\vasek\OneDrive\Dokumenty\GitHub\Unity3D-FPS\Projekt-35\Library\ScriptAssemblies\Unity.TestTools.CodeCoverage.Editor.OpenCover.Mono.Reflection.dll
Symbol file LoadedFromMemory is not a mono symbol file
Symbol file data-0000020F1ECCE040 doesn't match image C:\Users\vasek\OneDrive\Dokumenty\GitHub\Unity3D-FPS\Projekt-35\Library\ScriptAssemblies\UnityEngine.UI.dll
Symbol file LoadedFromMemory is not a mono symbol file
Symbol file data-0000020F12695A70 doesn't match image C:\Users\vasek\OneDrive\Dokumenty\GitHub\Unity3D-FPS\Projekt-35\Library\ScriptAssemblies\Unity.VisualScripting.SettingsProvider.Editor.dll
Symbol file LoadedFromMemory is not a mono symbol file
Symbol file data-0000020F1BF7F030 doesn't match image C:\Users\vasek\OneDrive\Dokumenty\GitHub\Unity3D-FPS\Projekt-35\Library\ScriptAssemblies\Unity.Performance.Profile-Analyzer.Editor.dll
Symbol file LoadedFromMemory is not a mono symbol file
Symbol file data-0000020F141BC150 doesn't match image C:\Users\vasek\OneDrive\Dokumenty\GitHub\Unity3D-FPS\Projekt-35\Library\ScriptAssemblies\Unity.TestTools.CodeCoverage.Editor.dll
Symbol file LoadedFromMemory is not a mono symbol file
Symbol file data-0000020F1D394030 doesn't match image C:\Users\vasek\OneDrive\Dokumenty\GitHub\Unity3D-FPS\Projekt-35\Library\ScriptAssemblies\Unity.TestTools.CodeCoverage.Editor.OpenCover.Model.dll
Symbol file LoadedFromMemory is not a mono symbol file
Symbol file data-0000020ECD6A3010 doesn't match image C:\Users\vasek\OneDrive\Dokumenty\GitHub\Unity3D-FPS\Projekt-35\Library\ScriptAssemblies\Unity.PlasticSCM.Editor.dll
Symbol file LoadedFromMemory is not a mono symbol file
Symbol file data-0000020F12AA0040 doesn't match image C:\Users\vasek\OneDrive\Dokumenty\GitHub\Unity3D-FPS\Projekt-35\Library\ScriptAssemblies\Unity.VisualScripting.State.Editor.dll
Symbol file LoadedFromMemory is not a mono symbol file
Symbol file data-0000020EF1014010 doesn't match image C:\Users\vasek\OneDrive\Dokumenty\GitHub\Unity3D-FPS\Projekt-35\Library\ScriptAssemblies\Unity.Timeline.Editor.dll
Symbol file LoadedFromMemory is not a mono symbol file
Symbol file data-0000020F12695A70 doesn't match image C:\Users\vasek\OneDrive\Dokumenty\GitHub\Unity3D-FPS\Projekt-35\Library\ScriptAssemblies\Unity.VisualScripting.Shared.Editor.dll
Symbol file LoadedFromMemory is not a mono symbol file
Symbol file data-0000020F12351880 doesn't match image C:\Users\vasek\OneDrive\Dokumenty\GitHub\Unity3D-FPS\Projekt-35\Library\ScriptAssemblies\Unity.CollabProxy.Editor.dll
Symbol file LoadedFromMemory is not a mono symbol file
Symbol file data-0000020F12B49830 doesn't match image C:\Users\vasek\OneDrive\Dokumenty\GitHub\Unity3D-FPS\Projekt-35\Library\ScriptAssemblies\Unity.VisualStudio.Editor.dll
Symbol file LoadedFromMemory is not a mono symbol file
Symbol file data-0000020F1EA7C060 doesn't match image C:\Users\vasek\OneDrive\Dokumenty\GitHub\Unity3D-FPS\Projekt-35\Library\ScriptAssemblies\Unity.TextMeshPro.dll
Symbol file LoadedFromMemory is not a mono symbol file
Symbol file data-0000020F146C7020 doesn't match image C:\Users\vasek\OneDrive\Dokumenty\GitHub\Unity3D-FPS\Projekt-35\Library\ScriptAssemblies\Unity.VisualScripting.Core.dll
Symbol file LoadedFromMemory is not a mono symbol file
Symbol file data-0000020EF07D3010 doesn't match image C:\Users\vasek\OneDrive\Dokumenty\GitHub\Unity3D-FPS\Projekt-35\Library\ScriptAssemblies\Unity.TextMeshPro.Editor.dll
Symbol file LoadedFromMemory is not a mono symbol file
Symbol file data-0000020F12AA0040 doesn't match image C:\Users\vasek\OneDrive\Dokumenty\GitHub\Unity3D-FPS\Projekt-35\Library\ScriptAssemblies\UnityEditor.UI.dll
Symbol file LoadedFromMemory is not a mono symbol file
Symbol file data-0000020EF0372CF0 doesn't match image C:\Users\vasek\OneDrive\Dokumenty\GitHub\Unity3D-FPS\Projekt-35\Library\ScriptAssemblies\Unity.VisualScripting.Core.Editor.dll
Symbol file LoadedFromMemory is not a mono symbol file
Symbol file data-0000020EF0A36850 doesn't match image C:\Users\vasek\OneDrive\Dokumenty\GitHub\Unity3D-FPS\Projekt-35\Library\ScriptAssemblies\Unity.VisualScripting.State.dll
Symbol file LoadedFromMemory is not a mono symbol file
Symbol file data-0000020F13057040 doesn't match image C:\Users\vasek\OneDrive\Dokumenty\GitHub\Unity3D-FPS\Projekt-35\Library\ScriptAssemblies\Unity.VSCode.Editor.dll
Symbol file LoadedFromMemory is not a mono symbol file
Symbol file data-0000020F1D4DF040 doesn't match image C:\Users\vasek\OneDrive\Dokumenty\GitHub\Unity3D-FPS\Projekt-35\Library\ScriptAssemblies\Unity.VisualScripting.Flow.dll
Symbol file LoadedFromMemory is not a mono symbol file
Symbol file data-0000020D012B5650 doesn't match image C:\Users\vasek\OneDrive\Dokumenty\GitHub\Unity3D-FPS\Projekt-35\Library\ScriptAssemblies\Unity.VisualScripting.Flow.Editor.dll
Symbol file LoadedFromMemory is not a mono symbol file
- Loaded All Assemblies, in  0.472 seconds
Refreshing native plugins compatible for Editor in 3.04 ms, found 3 plugins.
Native extension for WindowsStandalone target not found
[Package Manager] Server::EnsureServerProcessIsRunning -- launch failed, reason: Unity was launched with the -noUpm command-line argument
[Package Manager] UpmClient::Send -- Unable to send message (not connected to UPM process).
[Package Manager] Cannot connect to Unity Package Manager local server
Mono: successfully reloaded assembly
- Finished resetting the current domain, in  1.498 seconds
Domain Reload Profiling: 1968ms
	BeginReloadAssembly (158ms)
		ExecutionOrderSort (0ms)
		DisableScriptedObjects (6ms)
		BackupInstance (0ms)
		ReleaseScriptingObjects (0ms)
		CreateAndSetChildDomain (45ms)
	RebuildCommonClasses (28ms)
	RebuildNativeTypeToScriptingClass (14ms)
	initialDomainReloadingComplete (33ms)
	LoadAllAssembliesAndSetupDomain (237ms)
		LoadAssemblies (304ms)
		RebuildTransferFunctionScriptingTraits (0ms)
		AnalyzeDomain (10ms)
			TypeCache.Refresh (4ms)
				TypeCache.ScanAssembly (0ms)
			ScanForSourceGeneratedMonoScriptInfo (0ms)
			ResolveRequiredComponents (4ms)
	FinalizeReload (1499ms)
		ReleaseScriptCaches (0ms)
		RebuildScriptCaches (0ms)
		SetupLoadedEditorAssemblies (894ms)
			LogAssemblyErrors (0ms)
			InitializePlatformSupportModulesInManaged (9ms)
			SetLoadedEditorAssemblies (4ms)
			RefreshPlugins (0ms)
			BeforeProcessingInitializeOnLoad (101ms)
			ProcessInitializeOnLoadAttributes (749ms)
			ProcessInitializeOnLoadMethodAttributes (25ms)
			AfterProcessingInitializeOnLoad (5ms)
			EditorAssembliesLoaded (0ms)
		ExecutionOrderSort2 (0ms)
		AwakeInstancesAfterBackupRestoration (9ms)
Refreshing native plugins compatible for Editor in 2.52 ms, found 3 plugins.
Preloading 0 native plugins for Editor in 0.00 ms.
Unloading 3135 Unused Serialized files (Serialized files now loaded: 0)
Unloading 23 unused Assets / (31.1 KB). Loaded Objects now: 3700.
Memory consumption went from 149.0 MB to 149.0 MB.
Total: 3.934900 ms (FindLiveObjects: 0.349500 ms CreateObjectMapping: 0.128200 ms MarkObjects: 3.388100 ms  DeleteObjects: 0.068200 ms)

Prepare: number of updated asset objects reloaded= 0
AssetImportParameters requested are different than current active one (requested -> active):
  custom:container-demuxer-ogg: 62fdf1f143b41e24485cea50d1cbac27 -> 
  custom:video-codec-MediaFoundation-h265: 746d11721c4dcdbdad8f713fa42b33f4 -> 
  custom:video-decoder-ogg-theora: a1e56fd34408186e4bbccfd4996cb3dc -> 
  custom:framework-win-MediaFoundation: 216162199b28c13a410421893ffa2e32 -> 
  custom:CustomObjectIndexerAttribute: 756ad292c208cfabdd7b50bc23989ffe -> 
  custom:container-demuxer-webm: 4f35f7cbe854078d1ac9338744f61a02 -> 
  custom:container-muxer-webm: aa71ff27fc2769a1b78a27578f13a17b -> 
  custom:video-decoder-webm-vp8: 9c59270c3fd7afecdb556c50c9e8de78 -> 
  custom:SearchIndexIgnoredProperties: e643bd26f0fe6173181afceb89e7c659 -> 
  custom:AudioImporter_EditorPlatform: d09bf68614088b80899f8185d706f6e7 -> 
  custom:video-encoder-webm-vp8: eb34c28f22e8b96e1ab97ce403110664 -> 
  custom:audio-decoder-ogg-vorbis: bf7c407c2cedff20999df2af8eb42d56 -> 
  custom:audio-encoder-webm-vorbis: bf7c407c2cedff20999df2af8eb42d56 -> 
========================================================================
Received Prepare
Begin MonoManager ReloadAssembly
Symbol file data-0000020F1CD9D260 doesn't match image C:\Users\vasek\OneDrive\Dokumenty\GitHub\Unity3D-FPS\Projekt-35\Library\ScriptAssemblies\Unity.Timeline.dll
Symbol file LoadedFromMemory is not a mono symbol file
Symbol file data-0000020F1E64B3D0 doesn't match image C:\Users\vasek\OneDrive\Dokumenty\GitHub\Unity3D-FPS\Projekt-35\Library\ScriptAssemblies\Unity.TestTools.CodeCoverage.Editor.OpenCover.Mono.Reflection.dll
Symbol file LoadedFromMemory is not a mono symbol file
Symbol file data-0000020F1ECCE040 doesn't match image C:\Users\vasek\OneDrive\Dokumenty\GitHub\Unity3D-FPS\Projekt-35\Library\ScriptAssemblies\UnityEngine.UI.dll
Symbol file LoadedFromMemory is not a mono symbol file
Symbol file data-0000020F1D33BDA0 doesn't match image C:\Users\vasek\OneDrive\Dokumenty\GitHub\Unity3D-FPS\Projekt-35\Library\ScriptAssemblies\Unity.VisualScripting.SettingsProvider.Editor.dll
Symbol file LoadedFromMemory is not a mono symbol file
Symbol file data-0000020F1BF7F030 doesn't match image C:\Users\vasek\OneDrive\Dokumenty\GitHub\Unity3D-FPS\Projekt-35\Library\ScriptAssemblies\Unity.Performance.Profile-Analyzer.Editor.dll
Symbol file LoadedFromMemory is not a mono symbol file
Symbol file data-0000020F12B2A010 doesn't match image C:\Users\vasek\OneDrive\Dokumenty\GitHub\Unity3D-FPS\Projekt-35\Library\ScriptAssemblies\Unity.TestTools.CodeCoverage.Editor.dll
Symbol file LoadedFromMemory is not a mono symbol file
Symbol file data-0000020F1C16B040 doesn't match image C:\Users\vasek\OneDrive\Dokumenty\GitHub\Unity3D-FPS\Projekt-35\Library\ScriptAssemblies\Unity.TestTools.CodeCoverage.Editor.OpenCover.Model.dll
Symbol file LoadedFromMemory is not a mono symbol file
Symbol file data-0000020D01252D90 doesn't match image C:\Users\vasek\OneDrive\Dokumenty\GitHub\Unity3D-FPS\Projekt-35\Library\ScriptAssemblies\Unity.PlasticSCM.Editor.dll
Symbol file LoadedFromMemory is not a mono symbol file
Symbol file data-0000020F1C5D0020 doesn't match image C:\Users\vasek\OneDrive\Dokumenty\GitHub\Unity3D-FPS\Projekt-35\Library\ScriptAssemblies\Unity.VisualScripting.State.Editor.dll
Symbol file LoadedFromMemory is not a mono symbol file
Symbol file data-0000020EF1014010 doesn't match image C:\Users\vasek\OneDrive\Dokumenty\GitHub\Unity3D-FPS\Projekt-35\Library\ScriptAssemblies\Unity.Timeline.Editor.dll
Symbol file LoadedFromMemory is not a mono symbol file
Symbol file data-0000020F1C16B040 doesn't match image C:\Users\vasek\OneDrive\Dokumenty\GitHub\Unity3D-FPS\Projekt-35\Library\ScriptAssemblies\Unity.VisualScripting.Shared.Editor.dll
Symbol file LoadedFromMemory is not a mono symbol file
Symbol file data-0000020F1C16B040 doesn't match image C:\Users\vasek\OneDrive\Dokumenty\GitHub\Unity3D-FPS\Projekt-35\Library\ScriptAssemblies\Unity.CollabProxy.Editor.dll
Symbol file LoadedFromMemory is not a mono symbol file
Symbol file data-0000020F12B49830 doesn't match image C:\Users\vasek\OneDrive\Dokumenty\GitHub\Unity3D-FPS\Projekt-35\Library\ScriptAssemblies\Unity.VisualStudio.Editor.dll
Symbol file LoadedFromMemory is not a mono symbol file
Symbol file data-0000020F1EA7C060 doesn't match image C:\Users\vasek\OneDrive\Dokumenty\GitHub\Unity3D-FPS\Projekt-35\Library\ScriptAssemblies\Unity.TextMeshPro.dll
Symbol file LoadedFromMemory is not a mono symbol file
Symbol file data-0000020F146C7020 doesn't match image C:\Users\vasek\OneDrive\Dokumenty\GitHub\Unity3D-FPS\Projekt-35\Library\ScriptAssemblies\Unity.VisualScripting.Core.dll
Symbol file LoadedFromMemory is not a mono symbol file
Symbol file data-0000020EF07D3010 doesn't match image C:\Users\vasek\OneDrive\Dokumenty\GitHub\Unity3D-FPS\Projekt-35\Library\ScriptAssemblies\Unity.TextMeshPro.Editor.dll
Symbol file LoadedFromMemory is not a mono symbol file
Symbol file data-0000020F12AA0040 doesn't match image C:\Users\vasek\OneDrive\Dokumenty\GitHub\Unity3D-FPS\Projekt-35\Library\ScriptAssemblies\UnityEditor.UI.dll
Symbol file LoadedFromMemory is not a mono symbol file
Symbol file data-0000020EF0372CF0 doesn't match image C:\Users\vasek\OneDrive\Dokumenty\GitHub\Unity3D-FPS\Projekt-35\Library\ScriptAssemblies\Unity.VisualScripting.Core.Editor.dll
Symbol file LoadedFromMemory is not a mono symbol file
Symbol file data-0000020F1E11D010 doesn't match image C:\Users\vasek\OneDrive\Dokumenty\GitHub\Unity3D-FPS\Projekt-35\Library\ScriptAssemblies\Unity.VisualScripting.State.dll
Symbol file LoadedFromMemory is not a mono symbol file
Symbol file data-0000020F1E11D010 doesn't match image C:\Users\vasek\OneDrive\Dokumenty\GitHub\Unity3D-FPS\Projekt-35\Library\ScriptAssemblies\Unity.VSCode.Editor.dll
Symbol file LoadedFromMemory is not a mono symbol file
Symbol file data-0000020F1E60B5A0 doesn't match image C:\Users\vasek\OneDrive\Dokumenty\GitHub\Unity3D-FPS\Projekt-35\Library\ScriptAssemblies\Unity.VisualScripting.Flow.dll
Symbol file LoadedFromMemory is not a mono symbol file
Symbol file data-0000020D012B5650 doesn't match image C:\Users\vasek\OneDrive\Dokumenty\GitHub\Unity3D-FPS\Projekt-35\Library\ScriptAssemblies\Unity.VisualScripting.Flow.Editor.dll
Symbol file LoadedFromMemory is not a mono symbol file
- Loaded All Assemblies, in  0.463 seconds
Refreshing native plugins compatible for Editor in 3.61 ms, found 3 plugins.
Native extension for WindowsStandalone target not found
[Package Manager] Server::EnsureServerProcessIsRunning -- launch failed, reason: Unity was launched with the -noUpm command-line argument
[Package Manager] UpmClient::Send -- Unable to send message (not connected to UPM process).
[Package Manager] Cannot connect to Unity Package Manager local server
Mono: successfully reloaded assembly
- Finished resetting the current domain, in  1.558 seconds
Domain Reload Profiling: 2021ms
	BeginReloadAssembly (154ms)
		ExecutionOrderSort (0ms)
		DisableScriptedObjects (7ms)
		BackupInstance (0ms)
		ReleaseScriptingObjects (0ms)
		CreateAndSetChildDomain (40ms)
	RebuildCommonClasses (29ms)
	RebuildNativeTypeToScriptingClass (10ms)
	initialDomainReloadingComplete (24ms)
	LoadAllAssembliesAndSetupDomain (246ms)
		LoadAssemblies (308ms)
		RebuildTransferFunctionScriptingTraits (0ms)
		AnalyzeDomain (15ms)
			TypeCache.Refresh (6ms)
				TypeCache.ScanAssembly (0ms)
			ScanForSourceGeneratedMonoScriptInfo (0ms)
			ResolveRequiredComponents (7ms)
	FinalizeReload (1559ms)
		ReleaseScriptCaches (0ms)
		RebuildScriptCaches (0ms)
		SetupLoadedEditorAssemblies (949ms)
			LogAssemblyErrors (0ms)
			InitializePlatformSupportModulesInManaged (7ms)
			SetLoadedEditorAssemblies (5ms)
			RefreshPlugins (0ms)
			BeforeProcessingInitializeOnLoad (111ms)
			ProcessInitializeOnLoadAttributes (791ms)
			ProcessInitializeOnLoadMethodAttributes (28ms)
			AfterProcessingInitializeOnLoad (7ms)
			EditorAssembliesLoaded (0ms)
		ExecutionOrderSort2 (0ms)
		AwakeInstancesAfterBackupRestoration (9ms)
Refreshing native plugins compatible for Editor in 3.79 ms, found 3 plugins.
Preloading 0 native plugins for Editor in 0.00 ms.
Unloading 3136 Unused Serialized files (Serialized files now loaded: 0)
Unloading 23 unused Assets / (31.2 KB). Loaded Objects now: 3703.
Memory consumption went from 151.2 MB to 151.2 MB.
Total: 3.985600 ms (FindLiveObjects: 0.305400 ms CreateObjectMapping: 0.157000 ms MarkObjects: 3.435600 ms  DeleteObjects: 0.086600 ms)

Prepare: number of updated asset objects reloaded= 0
AssetImportParameters requested are different than current active one (requested -> active):
  custom:container-demuxer-ogg: 62fdf1f143b41e24485cea50d1cbac27 -> 
  custom:video-codec-MediaFoundation-h265: 746d11721c4dcdbdad8f713fa42b33f4 -> 
  custom:video-decoder-ogg-theora: a1e56fd34408186e4bbccfd4996cb3dc -> 
  custom:framework-win-MediaFoundation: 216162199b28c13a410421893ffa2e32 -> 
  custom:CustomObjectIndexerAttribute: 756ad292c208cfabdd7b50bc23989ffe -> 
  custom:container-demuxer-webm: 4f35f7cbe854078d1ac9338744f61a02 -> 
  custom:container-muxer-webm: aa71ff27fc2769a1b78a27578f13a17b -> 
  custom:video-decoder-webm-vp8: 9c59270c3fd7afecdb556c50c9e8de78 -> 
  custom:SearchIndexIgnoredProperties: e643bd26f0fe6173181afceb89e7c659 -> 
  custom:AudioImporter_EditorPlatform: d09bf68614088b80899f8185d706f6e7 -> 
  custom:video-encoder-webm-vp8: eb34c28f22e8b96e1ab97ce403110664 -> 
  custom:audio-decoder-ogg-vorbis: bf7c407c2cedff20999df2af8eb42d56 -> 
  custom:audio-encoder-webm-vorbis: bf7c407c2cedff20999df2af8eb42d56 -> 
========================================================================
Received Prepare
Begin MonoManager ReloadAssembly
Symbol file data-0000020F1CD9D260 doesn't match image C:\Users\vasek\OneDrive\Dokumenty\GitHub\Unity3D-FPS\Projekt-35\Library\ScriptAssemblies\Unity.Timeline.dll
Symbol file LoadedFromMemory is not a mono symbol file
Symbol file data-0000020D00722EC0 doesn't match image C:\Users\vasek\OneDrive\Dokumenty\GitHub\Unity3D-FPS\Projekt-35\Library\ScriptAssemblies\Unity.TestTools.CodeCoverage.Editor.OpenCover.Mono.Reflection.dll
Symbol file LoadedFromMemory is not a mono symbol file
Symbol file data-0000020F1ECCE040 doesn't match image C:\Users\vasek\OneDrive\Dokumenty\GitHub\Unity3D-FPS\Projekt-35\Library\ScriptAssemblies\UnityEngine.UI.dll
Symbol file LoadedFromMemory is not a mono symbol file
Symbol file data-0000020F1E15C300 doesn't match image C:\Users\vasek\OneDrive\Dokumenty\GitHub\Unity3D-FPS\Projekt-35\Library\ScriptAssemblies\Unity.VisualScripting.SettingsProvider.Editor.dll
Symbol file LoadedFromMemory is not a mono symbol file
Symbol file data-0000020F1E04F610 doesn't match image C:\Users\vasek\OneDrive\Dokumenty\GitHub\Unity3D-FPS\Projekt-35\Library\ScriptAssemblies\Unity.Performance.Profile-Analyzer.Editor.dll
Symbol file LoadedFromMemory is not a mono symbol file
Symbol file data-0000020F1E0AC180 doesn't match image C:\Users\vasek\OneDrive\Dokumenty\GitHub\Unity3D-FPS\Projekt-35\Library\ScriptAssemblies\Unity.TestTools.CodeCoverage.Editor.dll
Symbol file LoadedFromMemory is not a mono symbol file
Symbol file data-0000020F1294F030 doesn't match image C:\Users\vasek\OneDrive\Dokumenty\GitHub\Unity3D-FPS\Projekt-35\Library\ScriptAssemblies\Unity.TestTools.CodeCoverage.Editor.OpenCover.Model.dll
Symbol file LoadedFromMemory is not a mono symbol file
Symbol file data-0000020D01252D90 doesn't match image C:\Users\vasek\OneDrive\Dokumenty\GitHub\Unity3D-FPS\Projekt-35\Library\ScriptAssemblies\Unity.PlasticSCM.Editor.dll
Symbol file LoadedFromMemory is not a mono symbol file
Symbol file data-0000020F1C5D0020 doesn't match image C:\Users\vasek\OneDrive\Dokumenty\GitHub\Unity3D-FPS\Projekt-35\Library\ScriptAssemblies\Unity.VisualScripting.State.Editor.dll
Symbol file LoadedFromMemory is not a mono symbol file
Symbol file data-0000020EF1014010 doesn't match image C:\Users\vasek\OneDrive\Dokumenty\GitHub\Unity3D-FPS\Projekt-35\Library\ScriptAssemblies\Unity.Timeline.Editor.dll
Symbol file LoadedFromMemory is not a mono symbol file
Symbol file data-0000020F1E15C300 doesn't match image C:\Users\vasek\OneDrive\Dokumenty\GitHub\Unity3D-FPS\Projekt-35\Library\ScriptAssemblies\Unity.VisualScripting.Shared.Editor.dll
Symbol file LoadedFromMemory is not a mono symbol file
Symbol file data-0000020F1E15C300 doesn't match image C:\Users\vasek\OneDrive\Dokumenty\GitHub\Unity3D-FPS\Projekt-35\Library\ScriptAssemblies\Unity.CollabProxy.Editor.dll
Symbol file LoadedFromMemory is not a mono symbol file
Symbol file data-0000020F12B49830 doesn't match image C:\Users\vasek\OneDrive\Dokumenty\GitHub\Unity3D-FPS\Projekt-35\Library\ScriptAssemblies\Unity.VisualStudio.Editor.dll
Symbol file LoadedFromMemory is not a mono symbol file
Symbol file data-0000020F1EA7C060 doesn't match image C:\Users\vasek\OneDrive\Dokumenty\GitHub\Unity3D-FPS\Projekt-35\Library\ScriptAssemblies\Unity.TextMeshPro.dll
Symbol file LoadedFromMemory is not a mono symbol file
Symbol file data-0000020F1EDC6010 doesn't match image C:\Users\vasek\OneDrive\Dokumenty\GitHub\Unity3D-FPS\Projekt-35\Library\ScriptAssemblies\Unity.VisualScripting.Core.dll
Symbol file LoadedFromMemory is not a mono symbol file
Symbol file data-0000020F1BAD0040 doesn't match image C:\Users\vasek\OneDrive\Dokumenty\GitHub\Unity3D-FPS\Projekt-35\Library\ScriptAssemblies\Unity.TextMeshPro.Editor.dll
Symbol file LoadedFromMemory is not a mono symbol file
Symbol file data-0000020F14709010 doesn't match image C:\Users\vasek\OneDrive\Dokumenty\GitHub\Unity3D-FPS\Projekt-35\Library\ScriptAssemblies\UnityEditor.UI.dll
Symbol file LoadedFromMemory is not a mono symbol file
Symbol file data-0000020EF0372CF0 doesn't match image C:\Users\vasek\OneDrive\Dokumenty\GitHub\Unity3D-FPS\Projekt-35\Library\ScriptAssemblies\Unity.VisualScripting.Core.Editor.dll
Symbol file LoadedFromMemory is not a mono symbol file
Symbol file data-0000020EF0FEA010 doesn't match image C:\Users\vasek\OneDrive\Dokumenty\GitHub\Unity3D-FPS\Projekt-35\Library\ScriptAssemblies\Unity.VisualScripting.State.dll
Symbol file LoadedFromMemory is not a mono symbol file
Symbol file data-0000020EF0FEA010 doesn't match image C:\Users\vasek\OneDrive\Dokumenty\GitHub\Unity3D-FPS\Projekt-35\Library\ScriptAssemblies\Unity.VSCode.Editor.dll
Symbol file LoadedFromMemory is not a mono symbol file
Symbol file data-0000020F1E767FD0 doesn't match image C:\Users\vasek\OneDrive\Dokumenty\GitHub\Unity3D-FPS\Projekt-35\Library\ScriptAssemblies\Unity.VisualScripting.Flow.dll
Symbol file LoadedFromMemory is not a mono symbol file
Symbol file data-0000020F1E133090 doesn't match image C:\Users\vasek\OneDrive\Dokumenty\GitHub\Unity3D-FPS\Projekt-35\Library\ScriptAssemblies\Unity.VisualScripting.Flow.Editor.dll
Symbol file LoadedFromMemory is not a mono symbol file
- Loaded All Assemblies, in  0.559 seconds
Refreshing native plugins compatible for Editor in 2.35 ms, found 3 plugins.
Native extension for WindowsStandalone target not found
[Package Manager] Server::EnsureServerProcessIsRunning -- launch failed, reason: Unity was launched with the -noUpm command-line argument
[Package Manager] UpmClient::Send -- Unable to send message (not connected to UPM process).
[Package Manager] Cannot connect to Unity Package Manager local server
Mono: successfully reloaded assembly
- Finished resetting the current domain, in  1.421 seconds
Domain Reload Profiling: 1978ms
	BeginReloadAssembly (204ms)
		ExecutionOrderSort (0ms)
		DisableScriptedObjects (4ms)
		BackupInstance (0ms)
		ReleaseScriptingObjects (0ms)
		CreateAndSetChildDomain (47ms)
	RebuildCommonClasses (42ms)
	RebuildNativeTypeToScriptingClass (16ms)
	initialDomainReloadingComplete (37ms)
	LoadAllAssembliesAndSetupDomain (258ms)
		LoadAssemblies (366ms)
		RebuildTransferFunctionScriptingTraits (0ms)
		AnalyzeDomain (10ms)
			TypeCache.Refresh (4ms)
				TypeCache.ScanAssembly (0ms)
			ScanForSourceGeneratedMonoScriptInfo (0ms)
			ResolveRequiredComponents (5ms)
	FinalizeReload (1421ms)
		ReleaseScriptCaches (0ms)
		RebuildScriptCaches (0ms)
		SetupLoadedEditorAssemblies (862ms)
			LogAssemblyErrors (0ms)
			InitializePlatformSupportModulesInManaged (8ms)
			SetLoadedEditorAssemblies (6ms)
			RefreshPlugins (0ms)
			BeforeProcessingInitializeOnLoad (94ms)
			ProcessInitializeOnLoadAttributes (720ms)
			ProcessInitializeOnLoadMethodAttributes (28ms)
			AfterProcessingInitializeOnLoad (6ms)
			EditorAssembliesLoaded (0ms)
		ExecutionOrderSort2 (0ms)
		AwakeInstancesAfterBackupRestoration (8ms)
Refreshing native plugins compatible for Editor in 2.33 ms, found 3 plugins.
Preloading 0 native plugins for Editor in 0.00 ms.
Unloading 3136 Unused Serialized files (Serialized files now loaded: 0)
Unloading 23 unused Assets / (31.0 KB). Loaded Objects now: 3706.
Memory consumption went from 153.1 MB to 153.1 MB.
Total: 4.946500 ms (FindLiveObjects: 0.313100 ms CreateObjectMapping: 0.118800 ms MarkObjects: 4.420700 ms  DeleteObjects: 0.092400 ms)

Prepare: number of updated asset objects reloaded= 0
AssetImportParameters requested are different than current active one (requested -> active):
  custom:container-demuxer-ogg: 62fdf1f143b41e24485cea50d1cbac27 -> 
  custom:video-codec-MediaFoundation-h265: 746d11721c4dcdbdad8f713fa42b33f4 -> 
  custom:video-decoder-ogg-theora: a1e56fd34408186e4bbccfd4996cb3dc -> 
  custom:framework-win-MediaFoundation: 216162199b28c13a410421893ffa2e32 -> 
  custom:CustomObjectIndexerAttribute: 756ad292c208cfabdd7b50bc23989ffe -> 
  custom:container-demuxer-webm: 4f35f7cbe854078d1ac9338744f61a02 -> 
  custom:container-muxer-webm: aa71ff27fc2769a1b78a27578f13a17b -> 
  custom:video-decoder-webm-vp8: 9c59270c3fd7afecdb556c50c9e8de78 -> 
  custom:SearchIndexIgnoredProperties: e643bd26f0fe6173181afceb89e7c659 -> 
  custom:AudioImporter_EditorPlatform: d09bf68614088b80899f8185d706f6e7 -> 
  custom:video-encoder-webm-vp8: eb34c28f22e8b96e1ab97ce403110664 -> 
  custom:audio-decoder-ogg-vorbis: bf7c407c2cedff20999df2af8eb42d56 -> 
  custom:audio-encoder-webm-vorbis: bf7c407c2cedff20999df2af8eb42d56 -> 
========================================================================
Received Prepare
Begin MonoManager ReloadAssembly
Symbol file data-0000020F1452F030 doesn't match image C:\Users\vasek\OneDrive\Dokumenty\GitHub\Unity3D-FPS\Projekt-35\Library\ScriptAssemblies\Unity.Timeline.dll
Symbol file LoadedFromMemory is not a mono symbol file
Symbol file data-0000020F1BB84020 doesn't match image C:\Users\vasek\OneDrive\Dokumenty\GitHub\Unity3D-FPS\Projekt-35\Library\ScriptAssemblies\Unity.TestTools.CodeCoverage.Editor.OpenCover.Mono.Reflection.dll
Symbol file LoadedFromMemory is not a mono symbol file
Symbol file data-0000020F1ECCE040 doesn't match image C:\Users\vasek\OneDrive\Dokumenty\GitHub\Unity3D-FPS\Projekt-35\Library\ScriptAssemblies\UnityEngine.UI.dll
Symbol file LoadedFromMemory is not a mono symbol file
Symbol file data-0000020D02775A90 doesn't match image C:\Users\vasek\OneDrive\Dokumenty\GitHub\Unity3D-FPS\Projekt-35\Library\ScriptAssemblies\Unity.VisualScripting.SettingsProvider.Editor.dll
Symbol file LoadedFromMemory is not a mono symbol file
Symbol file data-0000020F1D673730 doesn't match image C:\Users\vasek\OneDrive\Dokumenty\GitHub\Unity3D-FPS\Projekt-35\Library\ScriptAssemblies\Unity.Performance.Profile-Analyzer.Editor.dll
Symbol file LoadedFromMemory is not a mono symbol file
Symbol file data-0000020F141BC150 doesn't match image C:\Users\vasek\OneDrive\Dokumenty\GitHub\Unity3D-FPS\Projekt-35\Library\ScriptAssemblies\Unity.TestTools.CodeCoverage.Editor.dll
Symbol file LoadedFromMemory is not a mono symbol file
Symbol file data-0000020F13B5B010 doesn't match image C:\Users\vasek\OneDrive\Dokumenty\GitHub\Unity3D-FPS\Projekt-35\Library\ScriptAssemblies\Unity.TestTools.CodeCoverage.Editor.OpenCover.Model.dll
Symbol file LoadedFromMemory is not a mono symbol file
Symbol file data-0000020D01251070 doesn't match image C:\Users\vasek\OneDrive\Dokumenty\GitHub\Unity3D-FPS\Projekt-35\Library\ScriptAssemblies\Unity.PlasticSCM.Editor.dll
Symbol file LoadedFromMemory is not a mono symbol file
Symbol file data-0000020EF0D9E010 doesn't match image C:\Users\vasek\OneDrive\Dokumenty\GitHub\Unity3D-FPS\Projekt-35\Library\ScriptAssemblies\Unity.VisualScripting.State.Editor.dll
Symbol file LoadedFromMemory is not a mono symbol file
Symbol file data-0000020EF1014010 doesn't match image C:\Users\vasek\OneDrive\Dokumenty\GitHub\Unity3D-FPS\Projekt-35\Library\ScriptAssemblies\Unity.Timeline.Editor.dll
Symbol file LoadedFromMemory is not a mono symbol file
Symbol file data-0000020D02775A90 doesn't match image C:\Users\vasek\OneDrive\Dokumenty\GitHub\Unity3D-FPS\Projekt-35\Library\ScriptAssemblies\Unity.VisualScripting.Shared.Editor.dll
Symbol file LoadedFromMemory is not a mono symbol file
Symbol file data-0000020F12351880 doesn't match image C:\Users\vasek\OneDrive\Dokumenty\GitHub\Unity3D-FPS\Projekt-35\Library\ScriptAssemblies\Unity.CollabProxy.Editor.dll
Symbol file LoadedFromMemory is not a mono symbol file
Symbol file data-0000020F1DFE3D60 doesn't match image C:\Users\vasek\OneDrive\Dokumenty\GitHub\Unity3D-FPS\Projekt-35\Library\ScriptAssemblies\Unity.VisualStudio.Editor.dll
Symbol file LoadedFromMemory is not a mono symbol file
Symbol file data-0000020F1D8EF560 doesn't match image C:\Users\vasek\OneDrive\Dokumenty\GitHub\Unity3D-FPS\Projekt-35\Library\ScriptAssemblies\Unity.TextMeshPro.dll
Symbol file LoadedFromMemory is not a mono symbol file
Symbol file data-0000020D01251070 doesn't match image C:\Users\vasek\OneDrive\Dokumenty\GitHub\Unity3D-FPS\Projekt-35\Library\ScriptAssemblies\Unity.VisualScripting.Core.dll
Symbol file LoadedFromMemory is not a mono symbol file
Symbol file data-0000020F1C47E030 doesn't match image C:\Users\vasek\OneDrive\Dokumenty\GitHub\Unity3D-FPS\Projekt-35\Library\ScriptAssemblies\Unity.TextMeshPro.Editor.dll
Symbol file LoadedFromMemory is not a mono symbol file
Symbol file data-0000020D00930020 doesn't match image C:\Users\vasek\OneDrive\Dokumenty\GitHub\Unity3D-FPS\Projekt-35\Library\ScriptAssemblies\UnityEditor.UI.dll
Symbol file LoadedFromMemory is not a mono symbol file
Symbol file data-0000020EF0372CF0 doesn't match image C:\Users\vasek\OneDrive\Dokumenty\GitHub\Unity3D-FPS\Projekt-35\Library\ScriptAssemblies\Unity.VisualScripting.Core.Editor.dll
Symbol file LoadedFromMemory is not a mono symbol file
Symbol file data-0000020F1EB78650 doesn't match image C:\Users\vasek\OneDrive\Dokumenty\GitHub\Unity3D-FPS\Projekt-35\Library\ScriptAssemblies\Unity.VisualScripting.State.dll
Symbol file LoadedFromMemory is not a mono symbol file
Symbol file data-0000020F1EB78650 doesn't match image C:\Users\vasek\OneDrive\Dokumenty\GitHub\Unity3D-FPS\Projekt-35\Library\ScriptAssemblies\Unity.VSCode.Editor.dll
Symbol file LoadedFromMemory is not a mono symbol file
Symbol file data-0000020D004B1020 doesn't match image C:\Users\vasek\OneDrive\Dokumenty\GitHub\Unity3D-FPS\Projekt-35\Library\ScriptAssemblies\Unity.VisualScripting.Flow.dll
Symbol file LoadedFromMemory is not a mono symbol file
Symbol file data-0000020EF033BCB0 doesn't match image C:\Users\vasek\OneDrive\Dokumenty\GitHub\Unity3D-FPS\Projekt-35\Library\ScriptAssemblies\Unity.VisualScripting.Flow.Editor.dll
Symbol file LoadedFromMemory is not a mono symbol file
- Loaded All Assemblies, in  0.481 seconds
Refreshing native plugins compatible for Editor in 3.22 ms, found 3 plugins.
Native extension for WindowsStandalone target not found
[Package Manager] Server::EnsureServerProcessIsRunning -- launch failed, reason: Unity was launched with the -noUpm command-line argument
[Package Manager] UpmClient::Send -- Unable to send message (not connected to UPM process).
[Package Manager] Cannot connect to Unity Package Manager local server
Mono: successfully reloaded assembly
- Finished resetting the current domain, in  1.483 seconds
Domain Reload Profiling: 1962ms
	BeginReloadAssembly (168ms)
		ExecutionOrderSort (0ms)
		DisableScriptedObjects (5ms)
		BackupInstance (0ms)
		ReleaseScriptingObjects (0ms)
		CreateAndSetChildDomain (45ms)
	RebuildCommonClasses (37ms)
	RebuildNativeTypeToScriptingClass (10ms)
	initialDomainReloadingComplete (29ms)
	LoadAllAssembliesAndSetupDomain (233ms)
		LoadAssemblies (305ms)
		RebuildTransferFunctionScriptingTraits (0ms)
		AnalyzeDomain (14ms)
			TypeCache.Refresh (6ms)
				TypeCache.ScanAssembly (0ms)
			ScanForSourceGeneratedMonoScriptInfo (0ms)
			ResolveRequiredComponents (6ms)
	FinalizeReload (1484ms)
		ReleaseScriptCaches (0ms)
		RebuildScriptCaches (0ms)
		SetupLoadedEditorAssemblies (924ms)
			LogAssemblyErrors (0ms)
			InitializePlatformSupportModulesInManaged (8ms)
			SetLoadedEditorAssemblies (8ms)
			RefreshPlugins (0ms)
			BeforeProcessingInitializeOnLoad (120ms)
			ProcessInitializeOnLoadAttributes (755ms)
			ProcessInitializeOnLoadMethodAttributes (28ms)
			AfterProcessingInitializeOnLoad (6ms)
			EditorAssembliesLoaded (0ms)
		ExecutionOrderSort2 (0ms)
		AwakeInstancesAfterBackupRestoration (9ms)
Refreshing native plugins compatible for Editor in 2.70 ms, found 3 plugins.
Preloading 0 native plugins for Editor in 0.00 ms.
Unloading 3136 Unused Serialized files (Serialized files now loaded: 0)
Unloading 23 unused Assets / (31.1 KB). Loaded Objects now: 3709.
Memory consumption went from 155.1 MB to 155.0 MB.
Total: 3.797600 ms (FindLiveObjects: 0.313300 ms CreateObjectMapping: 0.106800 ms MarkObjects: 3.293800 ms  DeleteObjects: 0.082500 ms)

Prepare: number of updated asset objects reloaded= 0
AssetImportParameters requested are different than current active one (requested -> active):
  custom:container-demuxer-ogg: 62fdf1f143b41e24485cea50d1cbac27 -> 
  custom:video-codec-MediaFoundation-h265: 746d11721c4dcdbdad8f713fa42b33f4 -> 
  custom:video-decoder-ogg-theora: a1e56fd34408186e4bbccfd4996cb3dc -> 
  custom:framework-win-MediaFoundation: 216162199b28c13a410421893ffa2e32 -> 
  custom:CustomObjectIndexerAttribute: 756ad292c208cfabdd7b50bc23989ffe -> 
  custom:container-demuxer-webm: 4f35f7cbe854078d1ac9338744f61a02 -> 
  custom:container-muxer-webm: aa71ff27fc2769a1b78a27578f13a17b -> 
  custom:video-decoder-webm-vp8: 9c59270c3fd7afecdb556c50c9e8de78 -> 
  custom:SearchIndexIgnoredProperties: e643bd26f0fe6173181afceb89e7c659 -> 
  custom:AudioImporter_EditorPlatform: d09bf68614088b80899f8185d706f6e7 -> 
  custom:video-encoder-webm-vp8: eb34c28f22e8b96e1ab97ce403110664 -> 
  custom:audio-decoder-ogg-vorbis: bf7c407c2cedff20999df2af8eb42d56 -> 
  custom:audio-encoder-webm-vorbis: bf7c407c2cedff20999df2af8eb42d56 -> 
